{"/home/travis/build/npmtest/node-npmtest-npmlist/test.js":{"path":"/home/travis/build/npmtest/node-npmtest-npmlist/test.js","s":{"1":2,"2":2,"3":2,"4":2,"5":2,"6":2,"7":2,"8":1,"9":2,"10":2,"11":1,"12":1,"13":1,"14":1,"15":2,"16":2,"17":2,"18":2,"19":1,"20":1,"21":2,"22":2,"23":2,"24":1,"25":1,"26":1,"27":1,"28":1,"29":1,"30":1,"31":1,"32":1,"33":1,"34":1,"35":1,"36":1,"37":1,"38":1,"39":2,"40":2,"41":1,"42":2,"43":2,"44":1,"45":2,"46":2,"47":1,"48":2,"49":2,"50":1,"51":1,"52":1,"53":1,"54":1},"b":{"1":[2,1,1,1],"2":[1,1,1,1],"3":[1,1],"4":[1,1],"5":[1,1],"6":[1,1],"7":[1,1],"8":[1,1],"9":[1,1],"10":[1,1,1],"11":[1,1],"12":[1,1],"13":[1,1],"14":[1,1],"15":[1,1],"16":[1,1],"17":[1,1]},"f":{"1":2,"2":2,"3":2,"4":2,"5":2,"6":1,"7":1,"8":1,"9":2,"10":2,"11":2,"12":2,"13":1},"fnMap":{"1":{"name":"(anonymous_1)","line":12,"loc":{"start":{"line":12,"column":1},"end":{"line":12,"column":13}}},"2":{"name":"(anonymous_2)","line":19,"loc":{"start":{"line":19,"column":5},"end":{"line":19,"column":17}}},"3":{"name":"(anonymous_3)","line":23,"loc":{"start":{"line":23,"column":24},"end":{"line":23,"column":36}}},"4":{"name":"(anonymous_4)","line":61,"loc":{"start":{"line":61,"column":5},"end":{"line":61,"column":17}}},"5":{"name":"(anonymous_5)","line":82,"loc":{"start":{"line":82,"column":5},"end":{"line":82,"column":17}}},"6":{"name":"(anonymous_6)","line":91,"loc":{"start":{"line":91,"column":77},"end":{"line":94,"column":10}}},"7":{"name":"(anonymous_7)","line":112,"loc":{"start":{"line":112,"column":83},"end":{"line":115,"column":10}},"skip":true},"8":{"name":"(anonymous_8)","line":123,"loc":{"start":{"line":123,"column":77},"end":{"line":126,"column":10}},"skip":true},"9":{"name":"(anonymous_9)","line":139,"loc":{"start":{"line":139,"column":12},"end":{"line":139,"column":40}},"skip":true},"10":{"name":"(anonymous_10)","line":147,"loc":{"start":{"line":147,"column":77},"end":{"line":150,"column":10}},"skip":true},"11":{"name":"(anonymous_11)","line":158,"loc":{"start":{"line":158,"column":83},"end":{"line":161,"column":10}},"skip":true},"12":{"name":"(anonymous_12)","line":169,"loc":{"start":{"line":169,"column":79},"end":{"line":172,"column":10}},"skip":true},"13":{"name":"(anonymous_13)","line":180,"loc":{"start":{"line":180,"column":75},"end":{"line":183,"column":10}},"skip":true}},"statementMap":{"1":{"start":{"line":12,"column":0},"end":{"line":195,"column":5}},"2":{"start":{"line":14,"column":4},"end":{"line":14,"column":14}},"3":{"start":{"line":19,"column":4},"end":{"line":56,"column":9}},"4":{"start":{"line":21,"column":8},"end":{"line":21,"column":19}},"5":{"start":{"line":23,"column":8},"end":{"line":35,"column":13}},"6":{"start":{"line":24,"column":12},"end":{"line":34,"column":13}},"7":{"start":{"line":25,"column":16},"end":{"line":28,"column":30}},"8":{"start":{"line":30,"column":16},"end":{"line":33,"column":27}},"9":{"start":{"line":37,"column":8},"end":{"line":39,"column":21}},"10":{"start":{"line":40,"column":8},"end":{"line":53,"column":9}},"11":{"start":{"line":43,"column":12},"end":{"line":46,"column":14}},"12":{"start":{"line":47,"column":12},"end":{"line":47,"column":18}},"13":{"start":{"line":50,"column":12},"end":{"line":51,"column":33}},"14":{"start":{"line":52,"column":12},"end":{"line":52,"column":18}},"15":{"start":{"line":55,"column":8},"end":{"line":55,"column":35}},"16":{"start":{"line":61,"column":4},"end":{"line":63,"column":9}},"17":{"start":{"line":62,"column":8},"end":{"line":62,"column":15}},"18":{"start":{"line":64,"column":4},"end":{"line":77,"column":5}},"19":{"start":{"line":70,"column":8},"end":{"line":70,"column":14}},"20":{"start":{"line":76,"column":8},"end":{"line":76,"column":14}},"21":{"start":{"line":82,"column":4},"end":{"line":84,"column":9}},"22":{"start":{"line":83,"column":8},"end":{"line":83,"column":15}},"23":{"start":{"line":85,"column":4},"end":{"line":194,"column":5}},"24":{"start":{"line":91,"column":8},"end":{"line":99,"column":10}},"25":{"start":{"line":98,"column":12},"end":{"line":98,"column":35}},"26":{"start":{"line":102,"column":8},"end":{"line":104,"column":63}},"27":{"start":{"line":105,"column":8},"end":{"line":105,"column":14}},"28":{"start":{"line":112,"column":8},"end":{"line":121,"column":10},"skip":true},"29":{"start":{"line":119,"column":12},"end":{"line":119,"column":55},"skip":true},"30":{"start":{"line":120,"column":12},"end":{"line":120,"column":48},"skip":true},"31":{"start":{"line":123,"column":8},"end":{"line":136,"column":10},"skip":true},"32":{"start":{"line":130,"column":12},"end":{"line":130,"column":76},"skip":true},"33":{"start":{"line":131,"column":12},"end":{"line":131,"column":73},"skip":true},"34":{"start":{"line":132,"column":12},"end":{"line":132,"column":74},"skip":true},"35":{"start":{"line":133,"column":12},"end":{"line":133,"column":79},"skip":true},"36":{"start":{"line":134,"column":12},"end":{"line":134,"column":25},"skip":true},"37":{"start":{"line":135,"column":12},"end":{"line":135,"column":45},"skip":true},"38":{"start":{"line":138,"column":8},"end":{"line":145,"column":14},"skip":true},"39":{"start":{"line":143,"column":16},"end":{"line":143,"column":29},"skip":true},"40":{"start":{"line":144,"column":16},"end":{"line":144,"column":55},"skip":true},"41":{"start":{"line":147,"column":8},"end":{"line":156,"column":10},"skip":true},"42":{"start":{"line":154,"column":12},"end":{"line":154,"column":25},"skip":true},"43":{"start":{"line":155,"column":12},"end":{"line":155,"column":45},"skip":true},"44":{"start":{"line":158,"column":8},"end":{"line":167,"column":10},"skip":true},"45":{"start":{"line":165,"column":12},"end":{"line":165,"column":25},"skip":true},"46":{"start":{"line":166,"column":12},"end":{"line":166,"column":48},"skip":true},"47":{"start":{"line":169,"column":8},"end":{"line":178,"column":10},"skip":true},"48":{"start":{"line":176,"column":12},"end":{"line":176,"column":25},"skip":true},"49":{"start":{"line":177,"column":12},"end":{"line":177,"column":46},"skip":true},"50":{"start":{"line":180,"column":8},"end":{"line":189,"column":10},"skip":true},"51":{"start":{"line":187,"column":12},"end":{"line":187,"column":94},"skip":true},"52":{"start":{"line":188,"column":12},"end":{"line":188,"column":48},"skip":true},"53":{"start":{"line":192,"column":8},"end":{"line":192,"column":35},"skip":true},"54":{"start":{"line":193,"column":8},"end":{"line":193,"column":14},"skip":true}},"branchMap":{"1":{"line":25,"type":"binary-expr","locations":[{"start":{"line":25,"column":23},"end":{"line":25,"column":62}},{"start":{"line":26,"column":20},"end":{"line":26,"column":70}},{"start":{"line":27,"column":20},"end":{"line":27,"column":71}},{"start":{"line":28,"column":20},"end":{"line":28,"column":29}}]},"2":{"line":30,"type":"binary-expr","locations":[{"start":{"line":30,"column":23},"end":{"line":30,"column":37}},{"start":{"line":31,"column":20},"end":{"line":31,"column":61}},{"start":{"line":32,"column":20},"end":{"line":32,"column":70}},{"start":{"line":33,"column":20},"end":{"line":33,"column":26}}]},"3":{"line":37,"type":"cond-expr","locations":[{"start":{"line":38,"column":14},"end":{"line":38,"column":20}},{"start":{"line":39,"column":14},"end":{"line":39,"column":20}}]},"4":{"line":40,"type":"switch","locations":[{"start":{"line":42,"column":8},"end":{"line":47,"column":18}},{"start":{"line":49,"column":8},"end":{"line":52,"column":18}}]},"5":{"line":44,"type":"binary-expr","locations":[{"start":{"line":44,"column":16},"end":{"line":44,"column":44}},{"start":{"line":44,"column":48},"end":{"line":44,"column":66}}]},"6":{"line":50,"type":"binary-expr","locations":[{"start":{"line":50,"column":21},"end":{"line":50,"column":49}},{"start":{"line":50,"column":53},"end":{"line":50,"column":72}}]},"7":{"line":64,"type":"switch","locations":[{"start":{"line":69,"column":4},"end":{"line":70,"column":14}},{"start":{"line":75,"column":4},"end":{"line":76,"column":14}}]},"8":{"line":85,"type":"switch","locations":[{"start":{"line":90,"column":4},"end":{"line":105,"column":14}},{"start":{"line":111,"column":4},"end":{"line":193,"column":14},"skip":true}]},"9":{"line":91,"type":"binary-expr","locations":[{"start":{"line":91,"column":42},"end":{"line":91,"column":73}},{"start":{"line":91,"column":77},"end":{"line":99,"column":9}}]},"10":{"line":102,"type":"binary-expr","locations":[{"start":{"line":102,"column":18},"end":{"line":102,"column":32}},{"start":{"line":103,"column":12},"end":{"line":103,"column":53}},{"start":{"line":104,"column":12},"end":{"line":104,"column":61}}]},"11":{"line":112,"type":"binary-expr","locations":[{"start":{"line":112,"column":45},"end":{"line":112,"column":79},"skip":true},{"start":{"line":112,"column":83},"end":{"line":121,"column":9},"skip":true}]},"12":{"line":123,"type":"binary-expr","locations":[{"start":{"line":123,"column":42},"end":{"line":123,"column":73},"skip":true},{"start":{"line":123,"column":77},"end":{"line":136,"column":9},"skip":true}]},"13":{"line":138,"type":"binary-expr","locations":[{"start":{"line":138,"column":48},"end":{"line":138,"column":85},"skip":true},{"start":{"line":139,"column":12},"end":{"line":145,"column":13},"skip":true}]},"14":{"line":147,"type":"binary-expr","locations":[{"start":{"line":147,"column":42},"end":{"line":147,"column":73},"skip":true},{"start":{"line":147,"column":77},"end":{"line":156,"column":9},"skip":true}]},"15":{"line":158,"type":"binary-expr","locations":[{"start":{"line":158,"column":45},"end":{"line":158,"column":79},"skip":true},{"start":{"line":158,"column":83},"end":{"line":167,"column":9},"skip":true}]},"16":{"line":169,"type":"binary-expr","locations":[{"start":{"line":169,"column":43},"end":{"line":169,"column":75},"skip":true},{"start":{"line":169,"column":79},"end":{"line":178,"column":9},"skip":true}]},"17":{"line":180,"type":"binary-expr","locations":[{"start":{"line":180,"column":41},"end":{"line":180,"column":71},"skip":true},{"start":{"line":180,"column":75},"end":{"line":189,"column":9},"skip":true}]}},"code":["/* istanbul instrument in package npmtest_npmlist */","/*jslint","    bitwise: true,","    browser: true,","    maxerr: 8,","    maxlen: 96,","    node: true,","    nomen: true,","    regexp: true,","    stupid: true","*/","(function () {","    'use strict';","    var local;","","","","    // run shared js-env code - init-before","    (function () {","        // init local","        local = {};","        // init modeJs","        local.modeJs = (function () {","            try {","                return typeof navigator.userAgent === 'string' &&","                    typeof document.querySelector('body') === 'object' &&","                    typeof XMLHttpRequest.prototype.open === 'function' &&","                    'browser';","            } catch (errorCaughtBrowser) {","                return module.exports &&","                    typeof process.versions.node === 'string' &&","                    typeof require('http').createServer === 'function' &&","                    'node';","            }","        }());","        // init global","        local.global = local.modeJs === 'browser'","            ? window","            : global;","        switch (local.modeJs) {","        // re-init local from window.local","        case 'browser':","            local = local.global.utility2.objectSetDefault(","                local.global.utility2_rollup || local.global.local,","                local.global.utility2","            );","            break;","        // re-init local from example.js","        case 'node':","            local = (local.global.utility2_rollup || require('utility2'))","                .requireReadme();","            break;","        }","        // export local","        local.global.local = local;","    }());","","","","    // run shared js-env code - function","    (function () {","        return;","    }());","    switch (local.modeJs) {","","","","    // run browser js-env code - function","    case 'browser':","        break;","","","","    // run node js-env code - function","    case 'node':","        break;","    }","","","","    // run shared js-env code - init-after","    (function () {","        return;","    }());","    switch (local.modeJs) {","","","","    // run browser js-env code - init-after","    case 'browser':","        local.testCase_browser_nullCase = local.testCase_browser_nullCase || function (","            options,","            onError","        ) {","        /*","         * this function will test browsers's null-case handling-behavior-behavior","         */","            onError(null, options);","        };","","        // run tests","        local.nop(local.modeTest &&","            document.querySelector('#testRunButton1') &&","            document.querySelector('#testRunButton1').click());","        break;","","","","    // run node js-env code - init-after","    /* istanbul ignore next */","    case 'node':","        local.testCase_buildApidoc_default = local.testCase_buildApidoc_default || function (","            options,","            onError","        ) {","        /*","         * this function will test buildApidoc's default handling-behavior-behavior","         */","            options = { modulePathList: module.paths };","            local.buildApidoc(options, onError);","        };","","        local.testCase_buildApp_default = local.testCase_buildApp_default || function (","            options,","            onError","        ) {","        /*","         * this function will test buildApp's default handling-behavior-behavior","         */","            local.testCase_buildReadme_default(options, local.onErrorThrow);","            local.testCase_buildLib_default(options, local.onErrorThrow);","            local.testCase_buildTest_default(options, local.onErrorThrow);","            local.testCase_buildCustomOrg_default(options, local.onErrorThrow);","            options = [];","            local.buildApp(options, onError);","        };","","        local.testCase_buildCustomOrg_default = local.testCase_buildCustomOrg_default ||","            function (options, onError) {","            /*","             * this function will test buildCustomOrg's default handling-behavior","             */","                options = {};","                local.buildCustomOrg(options, onError);","            };","","        local.testCase_buildLib_default = local.testCase_buildLib_default || function (","            options,","            onError","        ) {","        /*","         * this function will test buildLib's default handling-behavior","         */","            options = {};","            local.buildLib(options, onError);","        };","","        local.testCase_buildReadme_default = local.testCase_buildReadme_default || function (","            options,","            onError","        ) {","        /*","         * this function will test buildReadme's default handling-behavior-behavior","         */","            options = {};","            local.buildReadme(options, onError);","        };","","        local.testCase_buildTest_default = local.testCase_buildTest_default || function (","            options,","            onError","        ) {","        /*","         * this function will test buildTest's default handling-behavior","         */","            options = {};","            local.buildTest(options, onError);","        };","","        local.testCase_webpage_default = local.testCase_webpage_default || function (","            options,","            onError","        ) {","        /*","         * this function will test webpage's default handling-behavior","         */","            options = { modeCoverageMerge: true, url: local.serverLocalHost + '?modeTest=1' };","            local.browserTest(options, onError);","        };","","        // run test-server","        local.testRunServer(local);","        break;","    }","}());",""],"l":{"12":2,"14":2,"19":2,"21":2,"23":2,"24":2,"25":2,"30":1,"37":2,"40":2,"43":1,"47":1,"50":1,"52":1,"55":2,"61":2,"62":2,"64":2,"70":1,"76":1,"82":2,"83":2,"85":2,"91":1,"98":1,"102":1,"105":1,"112":1,"119":1,"120":1,"123":1,"130":1,"131":1,"132":1,"133":1,"134":1,"135":1,"138":1,"143":2,"144":2,"147":1,"154":2,"155":2,"158":1,"165":2,"166":2,"169":1,"176":2,"177":2,"180":1,"187":1,"188":1,"192":1,"193":1}},"/home/travis/build/npmtest/node-npmtest-npmlist/lib.npmtest_npmlist.js":{"path":"/home/travis/build/npmtest/node-npmtest-npmlist/lib.npmtest_npmlist.js","s":{"1":2,"2":2,"3":2,"4":2,"5":2,"6":2,"7":2,"8":1,"9":2,"10":2,"11":2,"12":2,"13":1,"14":1,"15":1,"16":1},"b":{"1":[2,1,1,1],"2":[1,1,1,1],"3":[1,1],"4":[2,2],"5":[1,1]},"f":{"1":2,"2":2,"3":2},"fnMap":{"1":{"name":"(anonymous_1)","line":12,"loc":{"start":{"line":12,"column":1},"end":{"line":12,"column":13}}},"2":{"name":"(anonymous_2)","line":19,"loc":{"start":{"line":19,"column":5},"end":{"line":19,"column":17}}},"3":{"name":"(anonymous_3)","line":23,"loc":{"start":{"line":23,"column":24},"end":{"line":23,"column":36}}}},"statementMap":{"1":{"start":{"line":12,"column":0},"end":{"line":53,"column":5}},"2":{"start":{"line":14,"column":4},"end":{"line":14,"column":14}},"3":{"start":{"line":19,"column":4},"end":{"line":52,"column":9}},"4":{"start":{"line":21,"column":8},"end":{"line":21,"column":19}},"5":{"start":{"line":23,"column":8},"end":{"line":35,"column":13}},"6":{"start":{"line":24,"column":12},"end":{"line":34,"column":13}},"7":{"start":{"line":25,"column":16},"end":{"line":28,"column":30}},"8":{"start":{"line":30,"column":16},"end":{"line":33,"column":27}},"9":{"start":{"line":37,"column":8},"end":{"line":39,"column":21}},"10":{"start":{"line":41,"column":8},"end":{"line":41,"column":54}},"11":{"start":{"line":43,"column":8},"end":{"line":43,"column":52}},"12":{"start":{"line":45,"column":8},"end":{"line":51,"column":9}},"13":{"start":{"line":46,"column":12},"end":{"line":46,"column":58}},"14":{"start":{"line":48,"column":12},"end":{"line":48,"column":35}},"15":{"start":{"line":49,"column":12},"end":{"line":49,"column":49}},"16":{"start":{"line":50,"column":12},"end":{"line":50,"column":43}}},"branchMap":{"1":{"line":25,"type":"binary-expr","locations":[{"start":{"line":25,"column":23},"end":{"line":25,"column":62}},{"start":{"line":26,"column":20},"end":{"line":26,"column":70}},{"start":{"line":27,"column":20},"end":{"line":27,"column":71}},{"start":{"line":28,"column":20},"end":{"line":28,"column":29}}]},"2":{"line":30,"type":"binary-expr","locations":[{"start":{"line":30,"column":23},"end":{"line":30,"column":37}},{"start":{"line":31,"column":20},"end":{"line":31,"column":61}},{"start":{"line":32,"column":20},"end":{"line":32,"column":70}},{"start":{"line":33,"column":20},"end":{"line":33,"column":26}}]},"3":{"line":37,"type":"cond-expr","locations":[{"start":{"line":38,"column":14},"end":{"line":38,"column":20}},{"start":{"line":39,"column":14},"end":{"line":39,"column":20}}]},"4":{"line":41,"type":"binary-expr","locations":[{"start":{"line":41,"column":16},"end":{"line":41,"column":44}},{"start":{"line":41,"column":48},"end":{"line":41,"column":53}}]},"5":{"line":45,"type":"if","locations":[{"start":{"line":45,"column":8},"end":{"line":45,"column":8}},{"start":{"line":45,"column":8},"end":{"line":45,"column":8}}]}},"code":["/* istanbul instrument in package npmtest_npmlist */","/*jslint","    bitwise: true,","    browser: true,","    maxerr: 8,","    maxlen: 96,","    node: true,","    nomen: true,","    regexp: true,","    stupid: true","*/","(function () {","    'use strict';","    var local;","","","","    // run shared js-env code - init-before","    (function () {","        // init local","        local = {};","        // init modeJs","        local.modeJs = (function () {","            try {","                return typeof navigator.userAgent === 'string' &&","                    typeof document.querySelector('body') === 'object' &&","                    typeof XMLHttpRequest.prototype.open === 'function' &&","                    'browser';","            } catch (errorCaughtBrowser) {","                return module.exports &&","                    typeof process.versions.node === 'string' &&","                    typeof require('http').createServer === 'function' &&","                    'node';","            }","        }());","        // init global","        local.global = local.modeJs === 'browser'","            ? window","            : global;","        // init utility2_rollup","        local = local.global.utility2_rollup || local;","        // init lib","        local.local = local.npmtest_npmlist = local;","        // init exports","        if (local.modeJs === 'browser') {","            local.global.utility2_npmtest_npmlist = local;","        } else {","            module.exports = local;","            module.exports.__dirname = __dirname;","            module.exports.module = module;","        }","    }());","}());",""],"l":{"12":2,"14":2,"19":2,"21":2,"23":2,"24":2,"25":2,"30":1,"37":2,"41":2,"43":2,"45":2,"46":1,"48":1,"49":1,"50":1}},"/home/travis/build/npmtest/node-npmtest-npmlist/example.js":{"path":"/home/travis/build/npmtest/node-npmtest-npmlist/example.js","s":{"1":2,"2":2,"3":2,"4":2,"5":2,"6":2,"7":2,"8":1,"9":2,"10":2,"11":2,"12":2,"13":1,"14":2,"15":2,"16":2,"17":2,"18":2,"19":0,"20":2,"21":1,"22":1,"23":1,"24":1,"25":1,"26":0,"27":0,"28":1,"29":1,"30":2,"31":0,"32":0,"33":0,"34":1,"35":2,"36":2,"37":3,"38":3,"39":3,"40":3,"41":0,"42":3,"43":3,"44":3,"45":1,"46":3,"47":1,"48":1,"49":1,"50":1,"51":1,"52":1,"53":1,"54":1,"55":1,"56":1,"57":0,"58":1,"59":6,"60":6,"61":1,"62":2,"63":0,"64":2,"65":1,"66":1,"67":0,"68":0,"69":0,"70":0,"71":0,"72":0,"73":0,"74":0,"75":0,"76":0,"77":0,"78":0,"79":0,"80":0,"81":0,"82":0,"83":0},"b":{"1":[2,1,1,1],"2":[1,1,1,1],"3":[1,1],"4":[2,2],"5":[1,1],"6":[1,1],"7":[2,0],"8":[2,1,1,1,1,1],"9":[0,2,0],"10":[1,1],"11":[2,1,1],"12":[1,0],"13":[0,2],"14":[2,0,0,0,0,0,0],"15":[0,3],"16":[3,0],"17":[1,1],"18":[0,1],"19":[1,2,0,2],"20":[1,0],"21":[1,1],"22":[0,0],"23":[0,0],"24":[0,0],"25":[0,0],"26":[0,0],"27":[0,0],"28":[0,0]},"f":{"1":2,"2":2,"3":2,"4":2,"5":2,"6":2,"7":3,"8":3,"9":3,"10":1,"11":6,"12":0},"fnMap":{"1":{"name":"(anonymous_1)","line":26,"loc":{"start":{"line":26,"column":1},"end":{"line":26,"column":13}}},"2":{"name":"(anonymous_2)","line":33,"loc":{"start":{"line":33,"column":5},"end":{"line":33,"column":17}}},"3":{"name":"(anonymous_3)","line":37,"loc":{"start":{"line":37,"column":24},"end":{"line":37,"column":36}}},"4":{"name":"(anonymous_4)","line":69,"loc":{"start":{"line":69,"column":31},"end":{"line":69,"column":48}},"skip":true},"5":{"name":"(anonymous_5)","line":78,"loc":{"start":{"line":78,"column":26},"end":{"line":78,"column":45}},"skip":true},"6":{"name":"(anonymous_6)","line":123,"loc":{"start":{"line":123,"column":33},"end":{"line":123,"column":48}},"skip":true},"7":{"name":"(anonymous_7)","line":125,"loc":{"start":{"line":125,"column":27},"end":{"line":125,"column":39}},"skip":true},"8":{"name":"(anonymous_8)","line":133,"loc":{"start":{"line":133,"column":59},"end":{"line":133,"column":74}},"skip":true},"9":{"name":"(anonymous_9)","line":143,"loc":{"start":{"line":143,"column":45},"end":{"line":143,"column":62}},"skip":true},"10":{"name":"(anonymous_10)","line":144,"loc":{"start":{"line":144,"column":73},"end":{"line":144,"column":92}},"skip":true},"11":{"name":"(anonymous_11)","line":272,"loc":{"start":{"line":272,"column":51},"end":{"line":272,"column":77}},"skip":true},"12":{"name":"(anonymous_12)","line":315,"loc":{"start":{"line":315,"column":32},"end":{"line":315,"column":61}},"skip":true}},"statementMap":{"1":{"start":{"line":26,"column":0},"end":{"line":326,"column":5}},"2":{"start":{"line":28,"column":4},"end":{"line":28,"column":14}},"3":{"start":{"line":33,"column":4},"end":{"line":60,"column":9}},"4":{"start":{"line":35,"column":8},"end":{"line":35,"column":19}},"5":{"start":{"line":37,"column":8},"end":{"line":49,"column":13}},"6":{"start":{"line":38,"column":12},"end":{"line":48,"column":13}},"7":{"start":{"line":39,"column":16},"end":{"line":42,"column":30}},"8":{"start":{"line":44,"column":16},"end":{"line":47,"column":27}},"9":{"start":{"line":51,"column":8},"end":{"line":53,"column":21}},"10":{"start":{"line":55,"column":8},"end":{"line":57,"column":45}},"11":{"start":{"line":59,"column":8},"end":{"line":59,"column":35}},"12":{"start":{"line":61,"column":4},"end":{"line":325,"column":5}},"13":{"start":{"line":69,"column":8},"end":{"line":121,"column":10},"skip":true},"14":{"start":{"line":70,"column":12},"end":{"line":88,"column":13},"skip":true},"15":{"start":{"line":76,"column":16},"end":{"line":87,"column":19},"skip":true},"16":{"start":{"line":79,"column":20},"end":{"line":86,"column":21},"skip":true},"17":{"start":{"line":82,"column":24},"end":{"line":82,"column":43},"skip":true},"18":{"start":{"line":83,"column":24},"end":{"line":83,"column":30},"skip":true},"19":{"start":{"line":85,"column":24},"end":{"line":85,"column":49},"skip":true},"20":{"start":{"line":89,"column":12},"end":{"line":107,"column":13},"skip":true},"21":{"start":{"line":92,"column":16},"end":{"line":102,"column":17},"skip":true},"22":{"start":{"line":93,"column":20},"end":{"line":93,"column":86},"skip":true},"23":{"start":{"line":94,"column":20},"end":{"line":95,"column":45},"skip":true},"24":{"start":{"line":96,"column":20},"end":{"line":96,"column":42},"skip":true},"25":{"start":{"line":97,"column":20},"end":{"line":97,"column":48},"skip":true},"26":{"start":{"line":100,"column":20},"end":{"line":100,"column":85},"skip":true},"27":{"start":{"line":101,"column":20},"end":{"line":101,"column":96},"skip":true},"28":{"start":{"line":103,"column":16},"end":{"line":103,"column":22},"skip":true},"29":{"start":{"line":106,"column":16},"end":{"line":106,"column":22},"skip":true},"30":{"start":{"line":108,"column":12},"end":{"line":120,"column":13},"skip":true},"31":{"start":{"line":114,"column":16},"end":{"line":119,"column":17},"skip":true},"32":{"start":{"line":116,"column":20},"end":{"line":116,"column":78},"skip":true},"33":{"start":{"line":118,"column":20},"end":{"line":118,"column":47},"skip":true},"34":{"start":{"line":123,"column":8},"end":{"line":141,"column":11},"skip":true},"35":{"start":{"line":124,"column":12},"end":{"line":124,"column":54},"skip":true},"36":{"start":{"line":125,"column":12},"end":{"line":140,"column":14},"skip":true},"37":{"start":{"line":126,"column":16},"end":{"line":126,"column":28},"skip":true},"38":{"start":{"line":127,"column":16},"end":{"line":127,"column":69},"skip":true},"39":{"start":{"line":128,"column":16},"end":{"line":128,"column":75},"skip":true},"40":{"start":{"line":129,"column":16},"end":{"line":131,"column":17},"skip":true},"41":{"start":{"line":130,"column":20},"end":{"line":130,"column":27},"skip":true},"42":{"start":{"line":133,"column":16},"end":{"line":137,"column":36},"skip":true},"43":{"start":{"line":134,"column":20},"end":{"line":136,"column":55},"skip":true},"44":{"start":{"line":139,"column":16},"end":{"line":139,"column":57},"skip":true},"45":{"start":{"line":143,"column":8},"end":{"line":147,"column":11},"skip":true},"46":{"start":{"line":144,"column":12},"end":{"line":146,"column":15},"skip":true},"47":{"start":{"line":145,"column":16},"end":{"line":145,"column":70},"skip":true},"48":{"start":{"line":149,"column":8},"end":{"line":149,"column":31},"skip":true},"49":{"start":{"line":150,"column":8},"end":{"line":150,"column":14},"skip":true},"50":{"start":{"line":158,"column":8},"end":{"line":158,"column":31},"skip":true},"51":{"start":{"line":160,"column":8},"end":{"line":160,"column":33},"skip":true},"52":{"start":{"line":161,"column":8},"end":{"line":161,"column":37},"skip":true},"53":{"start":{"line":162,"column":8},"end":{"line":162,"column":35},"skip":true},"54":{"start":{"line":164,"column":8},"end":{"line":164,"column":50},"skip":true},"55":{"start":{"line":166,"column":8},"end":{"line":256,"column":2},"skip":true},"56":{"start":{"line":258,"column":8},"end":{"line":286,"column":9},"skip":true},"57":{"start":{"line":259,"column":12},"end":{"line":269,"column":14},"skip":true},"58":{"start":{"line":271,"column":12},"end":{"line":285,"column":19},"skip":true},"59":{"start":{"line":274,"column":20},"end":{"line":274,"column":35},"skip":true},"60":{"start":{"line":275,"column":20},"end":{"line":284,"column":21},"skip":true},"61":{"start":{"line":277,"column":24},"end":{"line":277,"column":64},"skip":true},"62":{"start":{"line":279,"column":24},"end":{"line":279,"column":40},"skip":true},"63":{"start":{"line":281,"column":24},"end":{"line":281,"column":40},"skip":true},"64":{"start":{"line":283,"column":24},"end":{"line":283,"column":39},"skip":true},"65":{"start":{"line":288,"column":8},"end":{"line":290,"column":9},"skip":true},"66":{"start":{"line":289,"column":12},"end":{"line":289,"column":18},"skip":true},"67":{"start":{"line":291,"column":8},"end":{"line":293,"column":54},"skip":true},"68":{"start":{"line":296,"column":8},"end":{"line":301,"column":37},"skip":true},"69":{"start":{"line":303,"column":8},"end":{"line":303,"column":82},"skip":true},"70":{"start":{"line":306,"column":8},"end":{"line":308,"column":9},"skip":true},"71":{"start":{"line":307,"column":12},"end":{"line":307,"column":82},"skip":true},"72":{"start":{"line":310,"column":8},"end":{"line":312,"column":9},"skip":true},"73":{"start":{"line":311,"column":12},"end":{"line":311,"column":18},"skip":true},"74":{"start":{"line":313,"column":8},"end":{"line":313,"column":54},"skip":true},"75":{"start":{"line":314,"column":8},"end":{"line":314,"column":69},"skip":true},"76":{"start":{"line":315,"column":8},"end":{"line":323,"column":36},"skip":true},"77":{"start":{"line":316,"column":12},"end":{"line":316,"column":61},"skip":true},"78":{"start":{"line":317,"column":12},"end":{"line":320,"column":13},"skip":true},"79":{"start":{"line":318,"column":16},"end":{"line":318,"column":75},"skip":true},"80":{"start":{"line":319,"column":16},"end":{"line":319,"column":23},"skip":true},"81":{"start":{"line":321,"column":12},"end":{"line":321,"column":38},"skip":true},"82":{"start":{"line":322,"column":12},"end":{"line":322,"column":27},"skip":true},"83":{"start":{"line":324,"column":8},"end":{"line":324,"column":14},"skip":true}},"branchMap":{"1":{"line":39,"type":"binary-expr","locations":[{"start":{"line":39,"column":23},"end":{"line":39,"column":62}},{"start":{"line":40,"column":20},"end":{"line":40,"column":70}},{"start":{"line":41,"column":20},"end":{"line":41,"column":71}},{"start":{"line":42,"column":20},"end":{"line":42,"column":29}}]},"2":{"line":44,"type":"binary-expr","locations":[{"start":{"line":44,"column":23},"end":{"line":44,"column":37}},{"start":{"line":45,"column":20},"end":{"line":45,"column":61}},{"start":{"line":46,"column":20},"end":{"line":46,"column":70}},{"start":{"line":47,"column":20},"end":{"line":47,"column":26}}]},"3":{"line":51,"type":"cond-expr","locations":[{"start":{"line":52,"column":14},"end":{"line":52,"column":20}},{"start":{"line":53,"column":14},"end":{"line":53,"column":20}}]},"4":{"line":55,"type":"binary-expr","locations":[{"start":{"line":55,"column":16},"end":{"line":55,"column":44}},{"start":{"line":55,"column":49},"end":{"line":57,"column":43}}]},"5":{"line":55,"type":"cond-expr","locations":[{"start":{"line":56,"column":14},"end":{"line":56,"column":51}},{"start":{"line":57,"column":14},"end":{"line":57,"column":43}}]},"6":{"line":61,"type":"switch","locations":[{"start":{"line":68,"column":4},"end":{"line":150,"column":14},"skip":true},{"start":{"line":156,"column":4},"end":{"line":324,"column":14},"skip":true}]},"7":{"line":70,"type":"if","locations":[{"start":{"line":70,"column":12},"end":{"line":70,"column":12},"skip":true},{"start":{"line":70,"column":12},"end":{"line":70,"column":12},"skip":true}]},"8":{"line":70,"type":"binary-expr","locations":[{"start":{"line":70,"column":16},"end":{"line":70,"column":22},"skip":true},{"start":{"line":70,"column":27},"end":{"line":70,"column":32},"skip":true},{"start":{"line":71,"column":20},"end":{"line":71,"column":39},"skip":true},{"start":{"line":72,"column":20},"end":{"line":72,"column":49},"skip":true},{"start":{"line":73,"column":20},"end":{"line":73,"column":58},"skip":true},{"start":{"line":74,"column":20},"end":{"line":74,"column":69},"skip":true}]},"9":{"line":79,"type":"switch","locations":[{"start":{"line":80,"column":20},"end":{"line":80,"column":33},"skip":true},{"start":{"line":81,"column":20},"end":{"line":83,"column":30},"skip":true},{"start":{"line":84,"column":20},"end":{"line":85,"column":49},"skip":true}]},"10":{"line":89,"type":"switch","locations":[{"start":{"line":90,"column":12},"end":{"line":103,"column":22},"skip":true},{"start":{"line":105,"column":12},"end":{"line":106,"column":22},"skip":true}]},"11":{"line":89,"type":"binary-expr","locations":[{"start":{"line":89,"column":20},"end":{"line":89,"column":25},"skip":true},{"start":{"line":89,"column":29},"end":{"line":89,"column":48},"skip":true},{"start":{"line":89,"column":52},"end":{"line":89,"column":74},"skip":true}]},"12":{"line":92,"type":"if","locations":[{"start":{"line":92,"column":16},"end":{"line":92,"column":16},"skip":true},{"start":{"line":92,"column":16},"end":{"line":92,"column":16},"skip":true}]},"13":{"line":108,"type":"if","locations":[{"start":{"line":108,"column":12},"end":{"line":108,"column":12},"skip":true},{"start":{"line":108,"column":12},"end":{"line":108,"column":12},"skip":true}]},"14":{"line":108,"type":"binary-expr","locations":[{"start":{"line":108,"column":16},"end":{"line":108,"column":61},"skip":true},{"start":{"line":108,"column":66},"end":{"line":108,"column":72},"skip":true},{"start":{"line":108,"column":77},"end":{"line":108,"column":82},"skip":true},{"start":{"line":109,"column":20},"end":{"line":109,"column":39},"skip":true},{"start":{"line":110,"column":20},"end":{"line":110,"column":49},"skip":true},{"start":{"line":111,"column":20},"end":{"line":111,"column":58},"skip":true},{"start":{"line":112,"column":20},"end":{"line":112,"column":68},"skip":true}]},"15":{"line":129,"type":"if","locations":[{"start":{"line":129,"column":16},"end":{"line":129,"column":16},"skip":true},{"start":{"line":129,"column":16},"end":{"line":129,"column":16},"skip":true}]},"16":{"line":134,"type":"cond-expr","locations":[{"start":{"line":135,"column":26},"end":{"line":135,"column":29},"skip":true},{"start":{"line":136,"column":26},"end":{"line":136,"column":54},"skip":true}]},"17":{"line":164,"type":"binary-expr","locations":[{"start":{"line":164,"column":27},"end":{"line":164,"column":43},"skip":true},{"start":{"line":164,"column":47},"end":{"line":164,"column":49},"skip":true}]},"18":{"line":258,"type":"if","locations":[{"start":{"line":258,"column":8},"end":{"line":258,"column":8},"skip":true},{"start":{"line":258,"column":8},"end":{"line":258,"column":8},"skip":true}]},"19":{"line":275,"type":"switch","locations":[{"start":{"line":276,"column":20},"end":{"line":277,"column":64},"skip":true},{"start":{"line":278,"column":20},"end":{"line":279,"column":40},"skip":true},{"start":{"line":280,"column":20},"end":{"line":281,"column":40},"skip":true},{"start":{"line":282,"column":20},"end":{"line":283,"column":39},"skip":true}]},"20":{"line":288,"type":"if","locations":[{"start":{"line":288,"column":8},"end":{"line":288,"column":8},"skip":true},{"start":{"line":288,"column":8},"end":{"line":288,"column":8},"skip":true}]},"21":{"line":288,"type":"binary-expr","locations":[{"start":{"line":288,"column":12},"end":{"line":288,"column":40},"skip":true},{"start":{"line":288,"column":44},"end":{"line":288,"column":67},"skip":true}]},"22":{"line":292,"type":"binary-expr","locations":[{"start":{"line":292,"column":12},"end":{"line":292,"column":50},"skip":true},{"start":{"line":293,"column":12},"end":{"line":293,"column":53},"skip":true}]},"23":{"line":297,"type":"binary-expr","locations":[{"start":{"line":297,"column":12},"end":{"line":297,"column":65},"skip":true},{"start":{"line":298,"column":12},"end":{"line":301,"column":36},"skip":true}]},"24":{"line":303,"type":"binary-expr","locations":[{"start":{"line":303,"column":43},"end":{"line":303,"column":75},"skip":true},{"start":{"line":303,"column":79},"end":{"line":303,"column":81},"skip":true}]},"25":{"line":306,"type":"if","locations":[{"start":{"line":306,"column":8},"end":{"line":306,"column":8},"skip":true},{"start":{"line":306,"column":8},"end":{"line":306,"column":8},"skip":true}]},"26":{"line":310,"type":"if","locations":[{"start":{"line":310,"column":8},"end":{"line":310,"column":8},"skip":true},{"start":{"line":310,"column":8},"end":{"line":310,"column":8},"skip":true}]},"27":{"line":313,"type":"binary-expr","locations":[{"start":{"line":313,"column":27},"end":{"line":313,"column":43},"skip":true},{"start":{"line":313,"column":47},"end":{"line":313,"column":53},"skip":true}]},"28":{"line":317,"type":"if","locations":[{"start":{"line":317,"column":12},"end":{"line":317,"column":12},"skip":true},{"start":{"line":317,"column":12},"end":{"line":317,"column":12},"skip":true}]}},"code":["/*","example.js","","quickstart example","","instruction","    1. save this script as example.js","    2. run the shell command:","        $ npm install npmtest-npmlist && PORT=8081 node example.js","    3. play with the browser-demo on http://127.0.0.1:8081","*/","","","","/* istanbul instrument in package npmtest_npmlist */","/*jslint","    bitwise: true,","    browser: true,","    maxerr: 8,","    maxlen: 96,","    node: true,","    nomen: true,","    regexp: true,","    stupid: true","*/","(function () {","    'use strict';","    var local;","","","","    // run shared js-env code - init-before","    (function () {","        // init local","        local = {};","        // init modeJs","        local.modeJs = (function () {","            try {","                return typeof navigator.userAgent === 'string' &&","                    typeof document.querySelector('body') === 'object' &&","                    typeof XMLHttpRequest.prototype.open === 'function' &&","                    'browser';","            } catch (errorCaughtBrowser) {","                return module.exports &&","                    typeof process.versions.node === 'string' &&","                    typeof require('http').createServer === 'function' &&","                    'node';","            }","        }());","        // init global","        local.global = local.modeJs === 'browser'","            ? window","            : global;","        // init utility2_rollup","        local = local.global.utility2_rollup || (local.modeJs === 'browser'","            ? local.global.utility2_npmtest_npmlist","            : global.utility2_moduleExports);","        // export local","        local.global.local = local;","    }());","    switch (local.modeJs) {","","","","    // init-after","    // run browser js-env code - init-after","    /* istanbul ignore next */","    case 'browser':","        local.testRunBrowser = function (event) {","            if (!event || (event &&","                    event.currentTarget &&","                    event.currentTarget.className &&","                    event.currentTarget.className.includes &&","                    event.currentTarget.className.includes('onreset'))) {","                // reset output","                Array.from(","                    document.querySelectorAll('body > .resettable')","                ).forEach(function (element) {","                    switch (element.tagName) {","                    case 'INPUT':","                    case 'TEXTAREA':","                        element.value = '';","                        break;","                    default:","                        element.textContent = '';","                    }","                });","            }","            switch (event && event.currentTarget && event.currentTarget.id) {","            case 'testRunButton1':","                // show tests","                if (document.querySelector('#testReportDiv1').style.display === 'none') {","                    document.querySelector('#testReportDiv1').style.display = 'block';","                    document.querySelector('#testRunButton1').textContent =","                        'hide internal test';","                    local.modeTest = true;","                    local.testRunDefault(local);","                // hide tests","                } else {","                    document.querySelector('#testReportDiv1').style.display = 'none';","                    document.querySelector('#testRunButton1').textContent = 'run internal test';","                }","                break;","            // custom-case","            default:","                break;","            }","            if (document.querySelector('#inputTextareaEval1') && (!event || (event &&","                    event.currentTarget &&","                    event.currentTarget.className &&","                    event.currentTarget.className.includes &&","                    event.currentTarget.className.includes('oneval')))) {","                // try to eval input-code","                try {","                    /*jslint evil: true*/","                    eval(document.querySelector('#inputTextareaEval1').value);","                } catch (errorCaught) {","                    console.error(errorCaught);","                }","            }","        };","        // log stderr and stdout to #outputTextareaStdout1","        ['error', 'log'].forEach(function (key) {","            console[key + '_original'] = console[key];","            console[key] = function () {","                var element;","                console[key + '_original'].apply(console, arguments);","                element = document.querySelector('#outputTextareaStdout1');","                if (!element) {","                    return;","                }","                // append text to #outputTextareaStdout1","                element.value += Array.from(arguments).map(function (arg) {","                    return typeof arg === 'string'","                        ? arg","                        : JSON.stringify(arg, null, 4);","                }).join(' ') + '\\n';","                // scroll textarea to bottom","                element.scrollTop = element.scrollHeight;","            };","        });","        // init event-handling","        ['change', 'click', 'keyup'].forEach(function (event) {","            Array.from(document.querySelectorAll('.on' + event)).forEach(function (element) {","                element.addEventListener(event, local.testRunBrowser);","            });","        });","        // run tests","        local.testRunBrowser();","        break;","","","","    // run node js-env code - init-after","    /* istanbul ignore next */","    case 'node':","        // export local","        module.exports = local;","        // require modules","        local.fs = require('fs');","        local.http = require('http');","        local.url = require('url');","        // init assets","        local.assetsDict = local.assetsDict || {};","        /* jslint-ignore-begin */","        local.assetsDict['/assets.index.template.html'] = '\\","<!doctype html>\\n\\","<html lang=\"en\">\\n\\","<head>\\n\\","<meta charset=\"UTF-8\">\\n\\","<meta name=\"viewport\" content=\"width=device-width, initial-scale=1\">\\n\\","<title>{{env.npm_package_name}} (v{{env.npm_package_version}})</title>\\n\\","<style>\\n\\","/*csslint\\n\\","    box-sizing: false,\\n\\","    universal-selector: false\\n\\","*/\\n\\","* {\\n\\","    box-sizing: border-box;\\n\\","}\\n\\","body {\\n\\","    background: #dde;\\n\\","    font-family: Arial, Helvetica, sans-serif;\\n\\","    margin: 2rem;\\n\\","}\\n\\","body > * {\\n\\","    margin-bottom: 1rem;\\n\\","}\\n\\",".utility2FooterDiv {\\n\\","    margin-top: 20px;\\n\\","    text-align: center;\\n\\","}\\n\\","</style>\\n\\","<style>\\n\\","/*csslint\\n\\","*/\\n\\","textarea {\\n\\","    font-family: monospace;\\n\\","    height: 10rem;\\n\\","    width: 100%;\\n\\","}\\n\\","textarea[readonly] {\\n\\","    background: #ddd;\\n\\","}\\n\\","</style>\\n\\","</head>\\n\\","<body>\\n\\","<!-- utility2-comment\\n\\","<div id=\"ajaxProgressDiv1\" style=\"background: #d00; height: 2px; left: 0; margin: 0; padding: 0; position: fixed; top: 0; transition: background 0.5s, width 1.5s; width: 25%;\"></div>\\n\\","utility2-comment -->\\n\\","<h1>\\n\\","<!-- utility2-comment\\n\\","    <a\\n\\","        {{#if env.npm_package_homepage}}\\n\\","        href=\"{{env.npm_package_homepage}}\"\\n\\","        {{/if env.npm_package_homepage}}\\n\\","        target=\"_blank\"\\n\\","    >\\n\\","utility2-comment -->\\n\\","        {{env.npm_package_name}} (v{{env.npm_package_version}})\\n\\","<!-- utility2-comment\\n\\","    </a>\\n\\","utility2-comment -->\\n\\","</h1>\\n\\","<h3>{{env.npm_package_description}}</h3>\\n\\","<!-- utility2-comment\\n\\","<h4><a download href=\"assets.app.js\">download standalone app</a></h4>\\n\\","<button class=\"onclick onreset\" id=\"testRunButton1\">run internal test</button><br>\\n\\","<div id=\"testReportDiv1\" style=\"display: none;\"></div>\\n\\","utility2-comment -->\\n\\","\\n\\","\\n\\","\\n\\","<label>stderr and stdout</label>\\n\\","<textarea class=\"resettable\" id=\"outputTextareaStdout1\" readonly></textarea>\\n\\","<!-- utility2-comment\\n\\","{{#if isRollup}}\\n\\","<script src=\"assets.app.js\"></script>\\n\\","{{#unless isRollup}}\\n\\","utility2-comment -->\\n\\","<script src=\"assets.utility2.rollup.js\"></script>\\n\\","<script src=\"jsonp.utility2._stateInit?callback=window.utility2._stateInit\"></script>\\n\\","<script src=\"assets.npmtest_npmlist.rollup.js\"></script>\\n\\","<script src=\"assets.example.js\"></script>\\n\\","<script src=\"assets.test.js\"></script>\\n\\","<!-- utility2-comment\\n\\","{{/if isRollup}}\\n\\","utility2-comment -->\\n\\","<div class=\"utility2FooterDiv\">\\n\\","    [ this app was created with\\n\\","    <a href=\"https://github.com/kaizhu256/node-utility2\" target=\"_blank\">utility2</a>\\n\\","    ]\\n\\","</div>\\n\\","</body>\\n\\","</html>\\n\\","';","        /* jslint-ignore-end */","        if (local.templateRender) {","            local.assetsDict['/'] = local.templateRender(","                local.assetsDict['/assets.index.template.html'],","                {","                    env: local.objectSetDefault(local.env, {","                        npm_package_description: 'the greatest app in the world!',","                        npm_package_name: 'my-app',","                        npm_package_nameAlias: 'my_app',","                        npm_package_version: '0.0.1'","                    })","                }","            );","        } else {","            local.assetsDict['/'] = local.assetsDict['/assets.index.template.html']","                .replace((/\\{\\{env\\.(\\w+?)\\}\\}/g), function (match0, match1) {","                    // jslint-hack","                    String(match0);","                    switch (match1) {","                    case 'npm_package_description':","                        return 'the greatest app in the world!';","                    case 'npm_package_name':","                        return 'my-app';","                    case 'npm_package_nameAlias':","                        return 'my_app';","                    case 'npm_package_version':","                        return '0.0.1';","                    }","                });","        }","        // run the cli","        if (local.global.utility2_rollup || module !== require.main) {","            break;","        }","        local.assetsDict['/assets.example.js'] =","            local.assetsDict['/assets.example.js'] ||","            local.fs.readFileSync(__filename, 'utf8');","        // bug-workaround - long $npm_package_buildCustomOrg","        /* jslint-ignore-begin */","        local.assetsDict['/assets.npmtest_npmlist.rollup.js'] =","            local.assetsDict['/assets.npmtest_npmlist.rollup.js'] ||","            local.fs.readFileSync(","                local.npmtest_npmlist.__dirname + '/lib.npmtest_npmlist.js',","                'utf8'","            ).replace((/^#!/), '//');","        /* jslint-ignore-end */","        local.assetsDict['/favicon.ico'] = local.assetsDict['/favicon.ico'] || '';","        // if $npm_config_timeout_exit exists,","        // then exit this process after $npm_config_timeout_exit ms","        if (Number(process.env.npm_config_timeout_exit)) {","            setTimeout(process.exit, Number(process.env.npm_config_timeout_exit));","        }","        // start server","        if (local.global.utility2_serverHttp1) {","            break;","        }","        process.env.PORT = process.env.PORT || '8081';","        console.error('server starting on port ' + process.env.PORT);","        local.http.createServer(function (request, response) {","            request.urlParsed = local.url.parse(request.url);","            if (local.assetsDict[request.urlParsed.pathname] !== undefined) {","                response.end(local.assetsDict[request.urlParsed.pathname]);","                return;","            }","            response.statusCode = 404;","            response.end();","        }).listen(process.env.PORT);","        break;","    }","}());",""],"l":{"26":2,"28":2,"33":2,"35":2,"37":2,"38":2,"39":2,"44":1,"51":2,"55":2,"59":2,"61":2,"69":1,"70":2,"76":2,"79":2,"82":2,"83":2,"85":1,"89":2,"92":1,"93":1,"94":1,"96":1,"97":1,"100":1,"101":1,"103":1,"106":1,"108":2,"114":1,"116":1,"118":1,"123":1,"124":2,"125":2,"126":3,"127":3,"128":3,"129":3,"130":1,"133":3,"134":3,"139":3,"143":1,"144":3,"145":1,"149":1,"150":1,"158":1,"160":1,"161":1,"162":1,"164":1,"166":1,"258":1,"259":1,"271":1,"274":6,"275":6,"277":1,"279":2,"281":1,"283":2,"288":1,"289":1,"291":1,"296":1,"303":1,"306":1,"307":1,"310":1,"311":1,"313":1,"314":1,"315":1,"316":1,"317":1,"318":1,"319":1,"321":1,"322":1,"324":1}},"/home/travis/build/npmtest/node-npmtest-npmlist/node_modules/npmlist/bin/npmlist":{"path":"/home/travis/build/npmtest/node-npmtest-npmlist/node_modules/npmlist/bin/npmlist","s":{"1":1},"b":{},"f":{},"fnMap":{},"statementMap":{"1":{"start":{"line":3,"column":0},"end":{"line":3,"column":24}}},"branchMap":{},"code":["//#!/usr/bin/env node","","require('../build/cli');",""],"l":{"3":1}},"/home/travis/build/npmtest/node-npmtest-npmlist/node_modules/npmlist/build/cli.js":{"path":"/home/travis/build/npmtest/node-npmtest-npmlist/node_modules/npmlist/build/cli.js","s":{"1":1,"2":1,"3":0,"4":0,"5":0,"6":0,"7":0,"8":0,"9":0,"10":0,"11":0,"12":0,"13":0,"14":0,"15":0,"16":0,"17":0,"18":0,"19":0,"20":1,"21":0,"22":0,"23":0,"24":0,"25":0,"26":1,"27":2,"28":1,"29":1,"30":1,"31":1,"32":1,"33":1,"34":1,"35":1,"36":1,"37":0,"38":0,"39":0,"40":0,"41":0,"42":0,"43":0,"44":0,"45":0,"46":0,"47":0,"48":0,"49":0,"50":0,"51":0,"52":1,"53":1,"54":1,"55":1,"56":1,"57":1,"58":1,"59":1,"60":1,"61":1},"b":{"1":[0,0],"2":[0,0],"3":[0,0],"4":[0,0],"5":[0,0],"6":[0,0],"7":[0,0],"8":[0,2],"9":[2,2],"10":[0,0],"11":[0,0],"12":[0,0],"13":[0,0],"14":[0,0],"15":[1,0],"16":[1,1,1,0],"17":[1,1]},"f":{"1":1,"2":0,"3":0,"4":2,"5":0,"6":1},"fnMap":{"1":{"name":"(anonymous_1)","line":3,"loc":{"start":{"line":3,"column":22},"end":{"line":3,"column":34}}},"2":{"name":"sliceIterator","line":3,"loc":{"start":{"line":3,"column":36},"end":{"line":3,"column":67}}},"3":{"name":"(anonymous_3)","line":3,"loc":{"start":{"line":3,"column":437},"end":{"line":3,"column":455}}},"4":{"name":"_interopRequireDefault","line":5,"loc":{"start":{"line":5,"column":0},"end":{"line":5,"column":37}}},"5":{"name":"(anonymous_5)","line":35,"loc":{"start":{"line":35,"column":13},"end":{"line":35,"column":28}}},"6":{"name":"(anonymous_6)","line":66,"loc":{"start":{"line":66,"column":34},"end":{"line":66,"column":53}}}},"statementMap":{"1":{"start":{"line":3,"column":0},"end":{"line":3,"column":666}},"2":{"start":{"line":3,"column":36},"end":{"line":3,"column":429}},"3":{"start":{"line":3,"column":69},"end":{"line":3,"column":83}},"4":{"start":{"line":3,"column":84},"end":{"line":3,"column":98}},"5":{"start":{"line":3,"column":99},"end":{"line":3,"column":114}},"6":{"start":{"line":3,"column":115},"end":{"line":3,"column":134}},"7":{"start":{"line":3,"column":135},"end":{"line":3,"column":414}},"8":{"start":{"line":3,"column":141},"end":{"line":3,"column":284}},"9":{"start":{"line":3,"column":227},"end":{"line":3,"column":247}},"10":{"start":{"line":3,"column":248},"end":{"line":3,"column":282}},"11":{"start":{"line":3,"column":276},"end":{"line":3,"column":282}},"12":{"start":{"line":3,"column":301},"end":{"line":3,"column":311}},"13":{"start":{"line":3,"column":312},"end":{"line":3,"column":321}},"14":{"start":{"line":3,"column":334},"end":{"line":3,"column":412}},"15":{"start":{"line":3,"column":340},"end":{"line":3,"column":380}},"16":{"start":{"line":3,"column":365},"end":{"line":3,"column":380}},"17":{"start":{"line":3,"column":393},"end":{"line":3,"column":410}},"18":{"start":{"line":3,"column":401},"end":{"line":3,"column":410}},"19":{"start":{"line":3,"column":415},"end":{"line":3,"column":427}},"20":{"start":{"line":3,"column":430},"end":{"line":3,"column":660}},"21":{"start":{"line":3,"column":457},"end":{"line":3,"column":657}},"22":{"start":{"line":3,"column":483},"end":{"line":3,"column":494}},"23":{"start":{"line":3,"column":502},"end":{"line":3,"column":657}},"24":{"start":{"line":3,"column":540},"end":{"line":3,"column":569}},"25":{"start":{"line":3,"column":579},"end":{"line":3,"column":655}},"26":{"start":{"line":5,"column":0},"end":{"line":5,"column":97}},"27":{"start":{"line":5,"column":39},"end":{"line":5,"column":95}},"28":{"start":{"line":7,"column":0},"end":{"line":7,"column":38}},"29":{"start":{"line":9,"column":0},"end":{"line":9,"column":51}},"30":{"start":{"line":11,"column":0},"end":{"line":11,"column":36}},"31":{"start":{"line":13,"column":0},"end":{"line":13,"column":49}},"32":{"start":{"line":15,"column":0},"end":{"line":15,"column":33}},"33":{"start":{"line":17,"column":0},"end":{"line":26,"column":2}},"34":{"start":{"line":28,"column":0},"end":{"line":31,"column":2}},"35":{"start":{"line":33,"column":0},"end":{"line":33,"column":21}},"36":{"start":{"line":35,"column":0},"end":{"line":63,"column":3}},"37":{"start":{"line":36,"column":2},"end":{"line":36,"column":21}},"38":{"start":{"line":38,"column":2},"end":{"line":58,"column":3}},"39":{"start":{"line":39,"column":4},"end":{"line":57,"column":5}},"40":{"start":{"line":40,"column":6},"end":{"line":40,"column":45}},"41":{"start":{"line":41,"column":6},"end":{"line":56,"column":7}},"42":{"start":{"line":42,"column":8},"end":{"line":42,"column":24}},"43":{"start":{"line":44,"column":8},"end":{"line":44,"column":46}},"44":{"start":{"line":46,"column":8},"end":{"line":46,"column":64}},"45":{"start":{"line":48,"column":8},"end":{"line":48,"column":39}},"46":{"start":{"line":50,"column":8},"end":{"line":55,"column":9}},"47":{"start":{"line":51,"column":10},"end":{"line":51,"column":51}},"48":{"start":{"line":52,"column":10},"end":{"line":52,"column":26}},"49":{"start":{"line":54,"column":10},"end":{"line":54,"column":42}},"50":{"start":{"line":60,"column":2},"end":{"line":62,"column":3}},"51":{"start":{"line":61,"column":4},"end":{"line":61,"column":43}},"52":{"start":{"line":65,"column":0},"end":{"line":77,"column":1}},"53":{"start":{"line":66,"column":2},"end":{"line":76,"column":5}},"54":{"start":{"line":67,"column":4},"end":{"line":67,"column":30}},"55":{"start":{"line":68,"column":4},"end":{"line":68,"column":28}},"56":{"start":{"line":69,"column":4},"end":{"line":69,"column":24}},"57":{"start":{"line":70,"column":4},"end":{"line":70,"column":26}},"58":{"start":{"line":71,"column":4},"end":{"line":71,"column":28}},"59":{"start":{"line":73,"column":4},"end":{"line":73,"column":54}},"60":{"start":{"line":74,"column":4},"end":{"line":74,"column":28}},"61":{"start":{"line":75,"column":4},"end":{"line":75,"column":36}}},"branchMap":{"1":{"line":3,"type":"if","locations":[{"start":{"line":3,"column":248},"end":{"line":3,"column":248}},{"start":{"line":3,"column":248},"end":{"line":3,"column":248}}]},"2":{"line":3,"type":"binary-expr","locations":[{"start":{"line":3,"column":252},"end":{"line":3,"column":253}},{"start":{"line":3,"column":257},"end":{"line":3,"column":274}}]},"3":{"line":3,"type":"if","locations":[{"start":{"line":3,"column":340},"end":{"line":3,"column":340}},{"start":{"line":3,"column":340},"end":{"line":3,"column":340}}]},"4":{"line":3,"type":"binary-expr","locations":[{"start":{"line":3,"column":344},"end":{"line":3,"column":347}},{"start":{"line":3,"column":351},"end":{"line":3,"column":363}}]},"5":{"line":3,"type":"if","locations":[{"start":{"line":3,"column":393},"end":{"line":3,"column":393}},{"start":{"line":3,"column":393},"end":{"line":3,"column":393}}]},"6":{"line":3,"type":"if","locations":[{"start":{"line":3,"column":457},"end":{"line":3,"column":457}},{"start":{"line":3,"column":457},"end":{"line":3,"column":457}}]},"7":{"line":3,"type":"if","locations":[{"start":{"line":3,"column":502},"end":{"line":3,"column":502}},{"start":{"line":3,"column":502},"end":{"line":3,"column":502}}]},"8":{"line":5,"type":"cond-expr","locations":[{"start":{"line":5,"column":70},"end":{"line":5,"column":73}},{"start":{"line":5,"column":76},"end":{"line":5,"column":94}}]},"9":{"line":5,"type":"binary-expr","locations":[{"start":{"line":5,"column":46},"end":{"line":5,"column":49}},{"start":{"line":5,"column":53},"end":{"line":5,"column":67}}]},"10":{"line":39,"type":"if","locations":[{"start":{"line":39,"column":4},"end":{"line":39,"column":4}},{"start":{"line":39,"column":4},"end":{"line":39,"column":4}}]},"11":{"line":41,"type":"if","locations":[{"start":{"line":41,"column":6},"end":{"line":41,"column":6}},{"start":{"line":41,"column":6},"end":{"line":41,"column":6}}]},"12":{"line":50,"type":"if","locations":[{"start":{"line":50,"column":8},"end":{"line":50,"column":8}},{"start":{"line":50,"column":8},"end":{"line":50,"column":8}}]},"13":{"line":54,"type":"binary-expr","locations":[{"start":{"line":54,"column":26},"end":{"line":54,"column":31}},{"start":{"line":54,"column":35},"end":{"line":54,"column":41}}]},"14":{"line":60,"type":"if","locations":[{"start":{"line":60,"column":2},"end":{"line":60,"column":2}},{"start":{"line":60,"column":2},"end":{"line":60,"column":2}}]},"15":{"line":65,"type":"if","locations":[{"start":{"line":65,"column":0},"end":{"line":65,"column":0}},{"start":{"line":65,"column":0},"end":{"line":65,"column":0}}]},"16":{"line":73,"type":"binary-expr","locations":[{"start":{"line":73,"column":18},"end":{"line":73,"column":24}},{"start":{"line":73,"column":28},"end":{"line":73,"column":33}},{"start":{"line":73,"column":37},"end":{"line":73,"column":44}},{"start":{"line":73,"column":48},"end":{"line":73,"column":53}}]},"17":{"line":74,"type":"binary-expr","locations":[{"start":{"line":74,"column":16},"end":{"line":74,"column":20}},{"start":{"line":74,"column":24},"end":{"line":74,"column":27}}]}},"code":["'use strict';","","var _slicedToArray = (function () { function sliceIterator(arr, i) { var _arr = []; var _n = true; var _d = false; var _e = undefined; try { for (var _i = arr[Symbol.iterator](), _s; !(_n = (_s = _i.next()).done); _n = true) { _arr.push(_s.value); if (i && _arr.length === i) break; } } catch (err) { _d = true; _e = err; } finally { try { if (!_n && _i['return']) _i['return'](); } finally { if (_d) throw _e; } } return _arr; } return function (arr, i) { if (Array.isArray(arr)) { return arr; } else if (Symbol.iterator in Object(arr)) { return sliceIterator(arr, i); } else { throw new TypeError('Invalid attempt to destructure non-iterable instance'); } }; })();","","function _interopRequireDefault(obj) { return obj && obj.__esModule ? obj : { 'default': obj }; }","","var _commands = require('./commands');","","var _commands2 = _interopRequireDefault(_commands);","","var _npmlist = require('./npmlist');","","var _npmlist2 = _interopRequireDefault(_npmlist);","","var args = process.argv.slice(2);","","var REGEX = {","  help: /^(?:(?:--)?help|-h)$/,","  version: /^(?:(?:--)?version|-v)$/,","  local: /^(?:(?:--)?local|-l)$/,","  global: /^(?:(?:--)?global|-g)$/,","  dev: /^(?:(?:--)?dev|-d)$/,","  prod: /^(?:(?:--)?prod|-p)$/,","  depth: /^(?:(?:--)?depth|-n)=(\\d+)$/,","  scope: /^(?:(?:--)?scope|-s)(?:=(local|global))?$/","};","","var flags = {","  scope: 'global',","  depth: 0","};","","var executed = false;","","args.forEach(function (arg) {","  var invalid = true;","","  for (var option in REGEX) {","    if (({}).hasOwnProperty.call(REGEX, option)) {","      var matches = arg.match(REGEX[option]);","      if (matches) {","        invalid = false;","","        var _matches$slice = matches.slice(1);","","        var _matches$slice2 = _slicedToArray(_matches$slice, 1);","","        var value = _matches$slice2[0];","","        if (_commands2['default'][option]) {","          _commands2['default'][option].run(value);","          executed = true;","        } else {","          flags[option] = value || option;","        }","      }","    }","  }","","  if (invalid) {","    _commands2['default'].unknown.run(arg);","  }","});","","if (!executed) {","  _commands2['default'].scope.get(function (current) {","    var global = flags.global;","    var local = flags.local;","    var dev = flags.dev;","    var prod = flags.prod;","    var scope = flags.scope;","","    flags.scope = global || local || current || scope;","    flags.env = prod || dev;","    _npmlist2['default'].run(flags);","  });","}"],"l":{"3":1,"5":2,"7":1,"9":1,"11":1,"13":1,"15":1,"17":1,"28":1,"33":1,"35":1,"36":0,"38":0,"39":0,"40":0,"41":0,"42":0,"44":0,"46":0,"48":0,"50":0,"51":0,"52":0,"54":0,"60":0,"61":0,"65":1,"66":1,"67":1,"68":1,"69":1,"70":1,"71":1,"73":1,"74":1,"75":1}},"/home/travis/build/npmtest/node-npmtest-npmlist/node_modules/npmlist/build/commands.js":{"path":"/home/travis/build/npmtest/node-npmtest-npmlist/node_modules/npmlist/build/commands.js","s":{"1":1,"2":1,"3":4,"4":1,"5":1,"6":1,"7":1,"8":1,"9":1,"10":1,"11":1,"12":1,"13":1},"b":{"1":[0,4],"2":[4,4]},"f":{"1":4},"fnMap":{"1":{"name":"_interopRequireDefault","line":7,"loc":{"start":{"line":7,"column":0},"end":{"line":7,"column":37}}}},"statementMap":{"1":{"start":{"line":3,"column":0},"end":{"line":5,"column":3}},"2":{"start":{"line":7,"column":0},"end":{"line":7,"column":97}},"3":{"start":{"line":7,"column":39},"end":{"line":7,"column":95}},"4":{"start":{"line":9,"column":0},"end":{"line":9,"column":47}},"5":{"start":{"line":11,"column":0},"end":{"line":11,"column":59}},"6":{"start":{"line":13,"column":0},"end":{"line":13,"column":49}},"7":{"start":{"line":15,"column":0},"end":{"line":15,"column":61}},"8":{"start":{"line":17,"column":0},"end":{"line":17,"column":53}},"9":{"start":{"line":19,"column":0},"end":{"line":19,"column":65}},"10":{"start":{"line":21,"column":0},"end":{"line":21,"column":53}},"11":{"start":{"line":23,"column":0},"end":{"line":23,"column":65}},"12":{"start":{"line":25,"column":0},"end":{"line":30,"column":2}},"13":{"start":{"line":31,"column":0},"end":{"line":31,"column":36}}},"branchMap":{"1":{"line":7,"type":"cond-expr","locations":[{"start":{"line":7,"column":70},"end":{"line":7,"column":73}},{"start":{"line":7,"column":76},"end":{"line":7,"column":94}}]},"2":{"line":7,"type":"binary-expr","locations":[{"start":{"line":7,"column":46},"end":{"line":7,"column":49}},{"start":{"line":7,"column":53},"end":{"line":7,"column":67}}]}},"code":["'use strict';","","Object.defineProperty(exports, '__esModule', {","  value: true","});","","function _interopRequireDefault(obj) { return obj && obj.__esModule ? obj : { 'default': obj }; }","","var _commandsHelp = require('./commands/help');","","var _commandsHelp2 = _interopRequireDefault(_commandsHelp);","","var _commandsScope = require('./commands/scope');","","var _commandsScope2 = _interopRequireDefault(_commandsScope);","","var _commandsUnknown = require('./commands/unknown');","","var _commandsUnknown2 = _interopRequireDefault(_commandsUnknown);","","var _commandsVersion = require('./commands/version');","","var _commandsVersion2 = _interopRequireDefault(_commandsVersion);","","exports['default'] = {","  help: _commandsHelp2['default'],","  version: _commandsVersion2['default'],","  scope: _commandsScope2['default'],","  unknown: _commandsUnknown2['default']","};","module.exports = exports['default'];"],"l":{"3":1,"7":4,"9":1,"11":1,"13":1,"15":1,"17":1,"19":1,"21":1,"23":1,"25":1,"31":1}},"/home/travis/build/npmtest/node-npmtest-npmlist/node_modules/npmlist/build/commands/help.js":{"path":"/home/travis/build/npmtest/node-npmtest-npmlist/node_modules/npmlist/build/commands/help.js","s":{"1":1,"2":1,"3":1,"4":1,"5":1,"6":1,"7":1,"8":0,"9":0,"10":1},"b":{"1":[0,1],"2":[1,1],"3":[0,0]},"f":{"1":1,"2":0},"fnMap":{"1":{"name":"_interopRequireDefault","line":7,"loc":{"start":{"line":7,"column":0},"end":{"line":7,"column":37}}},"2":{"name":"run","line":16,"loc":{"start":{"line":16,"column":7},"end":{"line":16,"column":26}}}},"statementMap":{"1":{"start":{"line":3,"column":0},"end":{"line":5,"column":3}},"2":{"start":{"line":7,"column":0},"end":{"line":7,"column":97}},"3":{"start":{"line":7,"column":39},"end":{"line":7,"column":95}},"4":{"start":{"line":9,"column":0},"end":{"line":9,"column":30}},"5":{"start":{"line":11,"column":0},"end":{"line":11,"column":45}},"6":{"start":{"line":13,"column":0},"end":{"line":13,"column":559}},"7":{"start":{"line":15,"column":0},"end":{"line":20,"column":2}},"8":{"start":{"line":17,"column":4},"end":{"line":17,"column":22}},"9":{"start":{"line":18,"column":4},"end":{"line":18,"column":28}},"10":{"start":{"line":21,"column":0},"end":{"line":21,"column":36}}},"branchMap":{"1":{"line":7,"type":"cond-expr","locations":[{"start":{"line":7,"column":70},"end":{"line":7,"column":73}},{"start":{"line":7,"column":76},"end":{"line":7,"column":94}}]},"2":{"line":7,"type":"binary-expr","locations":[{"start":{"line":7,"column":46},"end":{"line":7,"column":49}},{"start":{"line":7,"column":53},"end":{"line":7,"column":67}}]},"3":{"line":18,"type":"binary-expr","locations":[{"start":{"line":18,"column":17},"end":{"line":18,"column":21}},{"start":{"line":18,"column":25},"end":{"line":18,"column":26}}]}},"code":["'use strict';","","Object.defineProperty(exports, '__esModule', {","  value: true","});","","function _interopRequireDefault(obj) { return obj && obj.__esModule ? obj : { 'default': obj }; }","","var _chalk = require('chalk');","","var _chalk2 = _interopRequireDefault(_chalk);","","var HELP = '\\n  Usage ' + _chalk2['default'].cyan('npmlist') + ' ' + _chalk2['default'].magenta('[options]') + '\\n\\n  Options:\\n\\n  -h          [--]help           This message\\n  -v          [--]version        Version number\\n  -d          [--]dev            Only devDependencies\\n  -p          [--]prod           Only dependencies\\n  -l          [--]local          Local packages\\n  -g          [--]global         Global packages\\n  -d=n        [--]depth=n        Traverse n levels deep\\n  -s=scope    [--]scope=scope    Set persistent scope [local|global]';","","exports['default'] = {","  run: function run(code) {","    console.log(HELP);","    process.exit(code || 0);","  }","};","module.exports = exports['default'];"],"l":{"3":1,"7":1,"9":1,"11":1,"13":1,"15":1,"17":0,"18":0,"21":1}},"/home/travis/build/npmtest/node-npmtest-npmlist/node_modules/npmlist/build/commands/scope.js":{"path":"/home/travis/build/npmtest/node-npmtest-npmlist/node_modules/npmlist/build/commands/scope.js","s":{"1":1,"2":1,"3":1,"4":1,"5":1,"6":1,"7":1,"8":1,"9":1,"10":1,"11":1,"12":0,"13":0,"14":1,"15":1,"16":1,"17":1,"18":0,"19":1,"20":1,"21":0,"22":0,"23":0,"24":0,"25":0,"26":0,"27":0,"28":0,"29":0,"30":0,"31":1},"b":{"1":[0,1],"2":[1,1],"3":[0,1],"4":[0,1],"5":[0,0],"6":[0,0]},"f":{"1":1,"2":0,"3":1,"4":1,"5":0,"6":0,"7":0,"8":0},"fnMap":{"1":{"name":"_interopRequireDefault","line":7,"loc":{"start":{"line":7,"column":0},"end":{"line":7,"column":37}}},"2":{"name":"error","line":23,"loc":{"start":{"line":23,"column":0},"end":{"line":23,"column":17}}},"3":{"name":"get","line":29,"loc":{"start":{"line":29,"column":7},"end":{"line":29,"column":24}}},"4":{"name":"(anonymous_4)","line":31,"loc":{"start":{"line":31,"column":34},"end":{"line":31,"column":65}}},"5":{"name":"set","line":40,"loc":{"start":{"line":40,"column":7},"end":{"line":40,"column":27}}},"6":{"name":"(anonymous_6)","line":42,"loc":{"start":{"line":42,"column":34},"end":{"line":42,"column":65}}},"7":{"name":"run","line":51,"loc":{"start":{"line":51,"column":7},"end":{"line":51,"column":27}}},"8":{"name":"(anonymous_8)","line":55,"loc":{"start":{"line":55,"column":15},"end":{"line":55,"column":34}}}},"statementMap":{"1":{"start":{"line":3,"column":0},"end":{"line":5,"column":3}},"2":{"start":{"line":7,"column":0},"end":{"line":7,"column":97}},"3":{"start":{"line":7,"column":39},"end":{"line":7,"column":95}},"4":{"start":{"line":9,"column":0},"end":{"line":9,"column":30}},"5":{"start":{"line":11,"column":0},"end":{"line":11,"column":45}},"6":{"start":{"line":13,"column":0},"end":{"line":13,"column":46}},"7":{"start":{"line":15,"column":0},"end":{"line":15,"column":29}},"8":{"start":{"line":17,"column":0},"end":{"line":17,"column":27}},"9":{"start":{"line":19,"column":0},"end":{"line":19,"column":28}},"10":{"start":{"line":21,"column":0},"end":{"line":21,"column":276}},"11":{"start":{"line":23,"column":0},"end":{"line":26,"column":1}},"12":{"start":{"line":24,"column":2},"end":{"line":24,"column":25}},"13":{"start":{"line":25,"column":2},"end":{"line":25,"column":18}},"14":{"start":{"line":28,"column":0},"end":{"line":60,"column":2}},"15":{"start":{"line":30,"column":4},"end":{"line":30,"column":34}},"16":{"start":{"line":31,"column":4},"end":{"line":37,"column":7}},"17":{"start":{"line":32,"column":6},"end":{"line":34,"column":7}},"18":{"start":{"line":33,"column":8},"end":{"line":33,"column":16}},"19":{"start":{"line":35,"column":6},"end":{"line":35,"column":62}},"20":{"start":{"line":36,"column":6},"end":{"line":36,"column":17}},"21":{"start":{"line":41,"column":4},"end":{"line":41,"column":48}},"22":{"start":{"line":42,"column":4},"end":{"line":48,"column":7}},"23":{"start":{"line":43,"column":6},"end":{"line":45,"column":7}},"24":{"start":{"line":44,"column":8},"end":{"line":44,"column":16}},"25":{"start":{"line":46,"column":6},"end":{"line":46,"column":68}},"26":{"start":{"line":47,"column":6},"end":{"line":47,"column":22}},"27":{"start":{"line":52,"column":4},"end":{"line":58,"column":5}},"28":{"start":{"line":53,"column":6},"end":{"line":53,"column":22}},"29":{"start":{"line":55,"column":6},"end":{"line":57,"column":9}},"30":{"start":{"line":56,"column":8},"end":{"line":56,"column":74}},"31":{"start":{"line":61,"column":0},"end":{"line":61,"column":36}}},"branchMap":{"1":{"line":7,"type":"cond-expr","locations":[{"start":{"line":7,"column":70},"end":{"line":7,"column":73}},{"start":{"line":7,"column":76},"end":{"line":7,"column":94}}]},"2":{"line":7,"type":"binary-expr","locations":[{"start":{"line":7,"column":46},"end":{"line":7,"column":49}},{"start":{"line":7,"column":53},"end":{"line":7,"column":67}}]},"3":{"line":32,"type":"if","locations":[{"start":{"line":32,"column":6},"end":{"line":32,"column":6}},{"start":{"line":32,"column":6},"end":{"line":32,"column":6}}]},"4":{"line":35,"type":"cond-expr","locations":[{"start":{"line":35,"column":43},"end":{"line":35,"column":50}},{"start":{"line":35,"column":53},"end":{"line":35,"column":61}}]},"5":{"line":43,"type":"if","locations":[{"start":{"line":43,"column":6},"end":{"line":43,"column":6}},{"start":{"line":43,"column":6},"end":{"line":43,"column":6}}]},"6":{"line":52,"type":"if","locations":[{"start":{"line":52,"column":4},"end":{"line":52,"column":4}},{"start":{"line":52,"column":4},"end":{"line":52,"column":4}}]}},"code":["'use strict';","","Object.defineProperty(exports, '__esModule', {","  value: true","});","","function _interopRequireDefault(obj) { return obj && obj.__esModule ? obj : { 'default': obj }; }","","var _chalk = require('chalk');","","var _chalk2 = _interopRequireDefault(_chalk);","","var _child_process = require('child_process');","","var CONFIG = 'npmlist.scope';","","var FLIP = '(╯°□°）╯︵ ┻━┻ ';","","var UNFLIP = '┬──┬ ﾉ(°—°ﾉ)';","","var ERROR_MSG = '\\n  ' + _chalk2['default'].red(FLIP) + '\\n\\n  Something went terribly wrong...\\n\\n  Let ' + _chalk2['default'].yellow('Nick') + ' know on ' + _chalk2['default'].blue('GitHub (geekjuice/npmlist)') + '\\n  Sorry about that... ' + _chalk2['default'].cyan(UNFLIP);","","function error() {","  console.log(ERROR_MSG);","  process.exit(1);","}","","exports['default'] = {","  get: function get(cb) {","    var cmd = 'npm get ' + CONFIG;","    (0, _child_process.exec)(cmd, function (err, stdout, stderr) {","      if (err) {","        error();","      }","      stdout = stdout.trim() === 'local' ? 'local' : 'global';","      cb(stdout);","    });","  },","","  set: function set(scope) {","    var cmd = 'npm set ' + CONFIG + ' ' + scope;","    (0, _child_process.exec)(cmd, function (err, stdout, stderr) {","      if (err) {","        error();","      }","      console.log('Scope set to ' + _chalk2['default'].cyan(scope));","      process.exit(0);","    });","  },","","  run: function run(scope) {","    if (scope) {","      this.set(scope);","    } else {","      this.get(function (current) {","        console.log('Current scope: ' + _chalk2['default'].cyan(current));","      });","    }","  }","};","module.exports = exports['default'];"],"l":{"3":1,"7":1,"9":1,"11":1,"13":1,"15":1,"17":1,"19":1,"21":1,"23":1,"24":0,"25":0,"28":1,"30":1,"31":1,"32":1,"33":0,"35":1,"36":1,"41":0,"42":0,"43":0,"44":0,"46":0,"47":0,"52":0,"53":0,"55":0,"56":0,"61":1}},"/home/travis/build/npmtest/node-npmtest-npmlist/node_modules/npmlist/build/commands/unknown.js":{"path":"/home/travis/build/npmtest/node-npmtest-npmlist/node_modules/npmlist/build/commands/unknown.js","s":{"1":1,"2":1,"3":2,"4":1,"5":1,"6":1,"7":1,"8":1,"9":0,"10":0,"11":1},"b":{"1":[0,2],"2":[2,2]},"f":{"1":2,"2":0},"fnMap":{"1":{"name":"_interopRequireDefault","line":7,"loc":{"start":{"line":7,"column":0},"end":{"line":7,"column":37}}},"2":{"name":"run","line":18,"loc":{"start":{"line":18,"column":7},"end":{"line":18,"column":25}}}},"statementMap":{"1":{"start":{"line":3,"column":0},"end":{"line":5,"column":3}},"2":{"start":{"line":7,"column":0},"end":{"line":7,"column":97}},"3":{"start":{"line":7,"column":39},"end":{"line":7,"column":95}},"4":{"start":{"line":9,"column":0},"end":{"line":9,"column":30}},"5":{"start":{"line":11,"column":0},"end":{"line":11,"column":45}},"6":{"start":{"line":13,"column":0},"end":{"line":13,"column":30}},"7":{"start":{"line":15,"column":0},"end":{"line":15,"column":43}},"8":{"start":{"line":17,"column":0},"end":{"line":22,"column":2}},"9":{"start":{"line":19,"column":4},"end":{"line":19,"column":73}},"10":{"start":{"line":20,"column":4},"end":{"line":20,"column":29}},"11":{"start":{"line":23,"column":0},"end":{"line":23,"column":36}}},"branchMap":{"1":{"line":7,"type":"cond-expr","locations":[{"start":{"line":7,"column":70},"end":{"line":7,"column":73}},{"start":{"line":7,"column":76},"end":{"line":7,"column":94}}]},"2":{"line":7,"type":"binary-expr","locations":[{"start":{"line":7,"column":46},"end":{"line":7,"column":49}},{"start":{"line":7,"column":53},"end":{"line":7,"column":67}}]}},"code":["'use strict';","","Object.defineProperty(exports, '__esModule', {","  value: true","});","","function _interopRequireDefault(obj) { return obj && obj.__esModule ? obj : { 'default': obj }; }","","var _chalk = require('chalk');","","var _chalk2 = _interopRequireDefault(_chalk);","","var _help = require('./help');","","var _help2 = _interopRequireDefault(_help);","","exports['default'] = {","  run: function run(opt) {","    console.log('\\n  Invalid option: ' + _chalk2['default'].yellow(opt));","    _help2['default'].run(1);","  }","};","module.exports = exports['default'];"],"l":{"3":1,"7":2,"9":1,"11":1,"13":1,"15":1,"17":1,"19":0,"20":0,"23":1}},"/home/travis/build/npmtest/node-npmtest-npmlist/node_modules/npmlist/build/commands/version.js":{"path":"/home/travis/build/npmtest/node-npmtest-npmlist/node_modules/npmlist/build/commands/version.js","s":{"1":1,"2":1,"3":1,"4":1,"5":1,"6":1,"7":0,"8":0,"9":1},"b":{"1":[0,1],"2":[1,1]},"f":{"1":1,"2":0},"fnMap":{"1":{"name":"_interopRequireDefault","line":7,"loc":{"start":{"line":7,"column":0},"end":{"line":7,"column":37}}},"2":{"name":"run","line":14,"loc":{"start":{"line":14,"column":7},"end":{"line":14,"column":22}}}},"statementMap":{"1":{"start":{"line":3,"column":0},"end":{"line":5,"column":3}},"2":{"start":{"line":7,"column":0},"end":{"line":7,"column":97}},"3":{"start":{"line":7,"column":39},"end":{"line":7,"column":95}},"4":{"start":{"line":9,"column":0},"end":{"line":9,"column":40}},"5":{"start":{"line":11,"column":0},"end":{"line":11,"column":49}},"6":{"start":{"line":13,"column":0},"end":{"line":18,"column":2}},"7":{"start":{"line":15,"column":4},"end":{"line":15,"column":52}},"8":{"start":{"line":16,"column":4},"end":{"line":16,"column":20}},"9":{"start":{"line":19,"column":0},"end":{"line":19,"column":36}}},"branchMap":{"1":{"line":7,"type":"cond-expr","locations":[{"start":{"line":7,"column":70},"end":{"line":7,"column":73}},{"start":{"line":7,"column":76},"end":{"line":7,"column":94}}]},"2":{"line":7,"type":"binary-expr","locations":[{"start":{"line":7,"column":46},"end":{"line":7,"column":49}},{"start":{"line":7,"column":53},"end":{"line":7,"column":67}}]}},"code":["'use strict';","","Object.defineProperty(exports, '__esModule', {","  value: true","});","","function _interopRequireDefault(obj) { return obj && obj.__esModule ? obj : { 'default': obj }; }","","var _package = require('../../package');","","var _package2 = _interopRequireDefault(_package);","","exports['default'] = {","  run: function run() {","    console.log('v' + _package2['default'].version);","    process.exit(0);","  }","};","module.exports = exports['default'];"],"l":{"3":1,"7":1,"9":1,"11":1,"13":1,"15":0,"16":0,"19":1}},"/home/travis/build/npmtest/node-npmtest-npmlist/node_modules/npmlist/build/npmlist.js":{"path":"/home/travis/build/npmtest/node-npmtest-npmlist/node_modules/npmlist/build/npmlist.js","s":{"1":1,"2":1,"3":1,"4":0,"5":0,"6":0,"7":0,"8":0,"9":0,"10":0,"11":0,"12":0,"13":0,"14":0,"15":0,"16":0,"17":0,"18":0,"19":0,"20":0,"21":1,"22":1,"23":1,"24":0,"25":0,"26":0,"27":1,"28":1,"29":1,"30":1,"31":1,"32":1,"33":1,"34":1,"35":1,"36":1,"37":1,"38":1,"39":1,"40":1,"41":1,"42":0,"43":0,"44":1,"45":1,"46":1,"47":1,"48":1,"49":1,"50":1,"51":1,"52":1,"53":1,"54":1,"55":1,"56":2,"57":2,"58":2,"59":1,"60":1,"61":1,"62":1,"63":1,"64":1,"65":1,"66":1,"67":1,"68":0,"69":0,"70":1,"71":0,"72":0,"73":0,"74":1,"75":0,"76":0,"77":1,"78":1,"79":1,"80":1,"81":1,"82":1,"83":1,"84":1,"85":1,"86":1,"87":1,"88":1,"89":1,"90":1,"91":0,"92":0,"93":1},"b":{"1":[0,0],"2":[0,0],"3":[0,0],"4":[0,0],"5":[0,0],"6":[1,0],"7":[0,0],"8":[0,1],"9":[1,1],"10":[0,1],"11":[1,0],"12":[0,0,1],"13":[0,1],"14":[1,1],"15":[0,1],"16":[0,1],"17":[1,1],"18":[0,1],"19":[0,1],"20":[0,1],"21":[1,0],"22":[0,1]},"f":{"1":1,"2":0,"3":1,"4":1,"5":1,"6":1,"7":1,"8":1,"9":2,"10":1},"fnMap":{"1":{"name":"(anonymous_1)","line":7,"loc":{"start":{"line":7,"column":22},"end":{"line":7,"column":34}}},"2":{"name":"sliceIterator","line":7,"loc":{"start":{"line":7,"column":36},"end":{"line":7,"column":67}}},"3":{"name":"(anonymous_3)","line":7,"loc":{"start":{"line":7,"column":437},"end":{"line":7,"column":455}}},"4":{"name":"_interopRequireDefault","line":9,"loc":{"start":{"line":9,"column":0},"end":{"line":9,"column":37}}},"5":{"name":"cmd","line":28,"loc":{"start":{"line":28,"column":0},"end":{"line":28,"column":20}}},"6":{"name":"log","line":36,"loc":{"start":{
[...]
lumn":2}},"35":{"start":{"line":28,"column":0},"end":{"line":34,"column":1}},"36":{"start":{"line":29,"column":2},"end":{"line":29,"column":26}},"37":{"start":{"line":30,"column":2},"end":{"line":30,"column":22}},"38":{"start":{"line":31,"column":2},"end":{"line":31,"column":26}},"39":{"start":{"line":33,"column":2},"end":{"line":33,"column":105}},"40":{"start":{"line":36,"column":0},"end":{"line":45,"column":1}},"41":{"start":{"line":37,"column":2},"end":{"line":44,"column":3}},"42":{"start":{"line":39,"column":6},"end":{"line":39,"column":41}},"43":{"start":{"line":41,"column":6},"end":{"line":41,"column":44}},"44":{"start":{"line":43,"column":6},"end":{"line":43,"column":42}},"45":{"start":{"line":47,"column":0},"end":{"line":147,"column":2}},"46":{"start":{"line":49,"column":4},"end":{"line":49,"column":88}},"47":{"start":{"line":51,"column":4},"end":{"line":145,"column":7}},"48":{"start":{"line":52,"column":6},"end":{"line":52,"column":17}},"49":{"start":{"line":54,"column":6},"end":{"line":54,"column":20}},"50":{"start":{"line":55,"column":6},"end":{"line":55,"column":56}},"51":{"start":{"line":58,"column":6},"end":{"line":58,"column":47}},"52":{"start":{"line":59,"column":6},"end":{"line":59,"column":80}},"53":{"start":{"line":60,"column":6},"end":{"line":60,"column":51}},"54":{"start":{"line":62,"column":6},"end":{"line":62,"column":52}},"55":{"start":{"line":64,"column":6},"end":{"line":116,"column":9}},"56":{"start":{"line":65,"column":8},"end":{"line":65,"column":25}},"57":{"start":{"line":66,"column":8},"end":{"line":66,"column":54}},"58":{"start":{"line":68,"column":8},"end":{"line":115,"column":9}},"59":{"start":{"line":69,"column":10},"end":{"line":69,"column":54}},"60":{"start":{"line":71,"column":10},"end":{"line":71,"column":72}},"61":{"start":{"line":73,"column":10},"end":{"line":73,"column":43}},"62":{"start":{"line":74,"column":10},"end":{"line":74,"column":44}},"63":{"start":{"line":75,"column":10},"end":{"line":75,"column":46}},"64":{"start":{"line":77,"column":10},"end":{"line":77,"column":54}},"65":{"start":{"line":78,"column":10},"end":{"line":78,"column":60}},"66":{"start":{"line":79,"column":10},"end":{"line":79,"column":60}},"67":{"start":{"line":82,"column":10},"end":{"line":85,"column":11}},"68":{"start":{"line":83,"column":12},"end":{"line":83,"column":25}},"69":{"start":{"line":84,"column":12},"end":{"line":84,"column":40}},"70":{"start":{"line":88,"column":10},"end":{"line":92,"column":11}},"71":{"start":{"line":89,"column":12},"end":{"line":89,"column":25}},"72":{"start":{"line":90,"column":12},"end":{"line":90,"column":36}},"73":{"start":{"line":91,"column":12},"end":{"line":91,"column":30}},"74":{"start":{"line":95,"column":10},"end":{"line":98,"column":11}},"75":{"start":{"line":96,"column":12},"end":{"line":96,"column":25}},"76":{"start":{"line":97,"column":12},"end":{"line":97,"column":40}},"77":{"start":{"line":101,"column":10},"end":{"line":101,"column":40}},"78":{"start":{"line":102,"column":10},"end":{"line":102,"column":60}},"79":{"start":{"line":105,"column":10},"end":{"line":105,"column":72}},"80":{"start":{"line":106,"column":10},"end":{"line":106,"column":53}},"81":{"start":{"line":108,"column":10},"end":{"line":114,"column":13}},"82":{"start":{"line":118,"column":6},"end":{"line":144,"column":7}},"83":{"start":{"line":119,"column":8},"end":{"line":140,"column":11}},"84":{"start":{"line":120,"column":10},"end":{"line":120,"column":34}},"85":{"start":{"line":121,"column":10},"end":{"line":121,"column":30}},"86":{"start":{"line":122,"column":10},"end":{"line":122,"column":36}},"87":{"start":{"line":123,"column":10},"end":{"line":123,"column":40}},"88":{"start":{"line":124,"column":10},"end":{"line":124,"column":38}},"89":{"start":{"line":126,"column":10},"end":{"line":137,"column":43}},"90":{"start":{"line":139,"column":10},"end":{"line":139,"column":27}},"91":{"start":{"line":142,"column":8},"end":{"line":142,"column":67}},"92":{"start":{"line":143,"column":8},"end":{"line":143,"column":25}},"93":{"start":{"line":148,"column":0},"end":{"line":148,"column":36}}},"branchMap":{"1":{"line":7,"type":"if","locations":[{"start":{"line":7,"column":248},"end":{"line":7,"column":248}},{"start":{"line":7,"column":248},"end":{"line":7,"column":248}}]},"2":{"line":7,"type":"binary-expr","locations":[{"start":{"line":7,"column":252},"end":{"line":7,"column":253}},{"start":{"line":7,"column":257},"end":{"line":7,"column":274}}]},"3":{"line":7,"type":"if","locations":[{"start":{"line":7,"column":340},"end":{"line":7,"column":340}},{"start":{"line":7,"column":340},"end":{"line":7,"column":340}}]},"4":{"line":7,"type":"binary-expr","locations":[{"start":{"line":7,"column":344},"end":{"line":7,"column":347}},{"start":{"line":7,"column":351},"end":{"line":7,"column":363}}]},"5":{"line":7,"type":"if","locations":[{"start":{"line":7,"column":393},"end":{"line":7,"column":393}},{"start":{"line":7,"column":393},"end":{"line":7,"column":393}}]},"6":{"line":7,"type":"if","locations":[{"start":{"line":7,"column":457},"end":{"line":7,"column":457}},{"start":{"line":7,"column":457},"end":{"line":7,"column":457}}]},"7":{"line":7,"type":"if","locations":[{"start":{"line":7,"column":502},"end":{"line":7,"column":502}},{"start":{"line":7,"column":502},"end":{"line":7,"column":502}}]},"8":{"line":9,"type":"cond-expr","locations":[{"start":{"line":9,"column":70},"end":{"line":9,"column":73}},{"start":{"line":9,"column":76},"end":{"line":9,"column":94}}]},"9":{"line":9,"type":"binary-expr","locations":[{"start":{"line":9,"column":46},"end":{"line":9,"column":49}},{"start":{"line":9,"column":53},"end":{"line":9,"column":67}}]},"10":{"line":33,"type":"cond-expr","locations":[{"start":{"line":33,"column":46},"end":{"line":33,"column":56}},{"start":{"line":33,"column":59},"end":{"line":33,"column":61}}]},"11":{"line":33,"type":"cond-expr","locations":[{"start":{"line":33,"column":84},"end":{"line":33,"column":88}},{"start":{"line":33,"column":91},"end":{"line":33,"column":93}}]},"12":{"line":37,"type":"switch","locations":[{"start":{"line":38,"column":4},"end":{"line":39,"column":41}},{"start":{"line":40,"column":4},"end":{"line":41,"column":44}},{"start":{"line":42,"column":4},"end":{"line":43,"column":42}}]},"13":{"line":49,"type":"cond-expr","locations":[{"start":{"line":49,"column":70},"end":{"line":49,"column":72}},{"start":{"line":49,"column":75},"end":{"line":49,"column":87}}]},"14":{"line":49,"type":"binary-expr","locations":[{"start":{"line":49,"column":16},"end":{"line":49,"column":37}},{"start":{"line":49,"column":41},"end":{"line":49,"column":67}}]},"15":{"line":52,"type":"if","locations":[{"start":{"line":52,"column":6},"end":{"line":52,"column":6}},{"start":{"line":52,"column":6},"end":{"line":52,"column":6}}]},"16":{"line":58,"type":"cond-expr","locations":[{"start":{"line":58,"column":29},"end":{"line":58,"column":38}},{"start":{"line":58,"column":41},"end":{"line":58,"column":46}}]},"17":{"line":68,"type":"if","locations":[{"start":{"line":68,"column":8},"end":{"line":68,"column":8}},{"start":{"line":68,"column":8},"end":{"line":68,"column":8}}]},"18":{"line":82,"type":"if","locations":[{"start":{"line":82,"column":10},"end":{"line":82,"column":10}},{"start":{"line":82,"column":10},"end":{"line":82,"column":10}}]},"19":{"line":88,"type":"if","locations":[{"start":{"line":88,"column":10},"end":{"line":88,"column":10}},{"start":{"line":88,"column":10},"end":{"line":88,"column":10}}]},"20":{"line":95,"type":"if","locations":[{"start":{"line":95,"column":10},"end":{"line":95,"column":10}},{"start":{"line":95,"column":10},"end":{"line":95,"column":10}}]},"21":{"line":118,"type":"if","locations":[{"start":{"line":118,"column":6},"end":{"line":118,"column":6}},{"start":{"line":118,"column":6},"end":{"line":118,"column":6}}]},"22":{"line":131,"type":"cond-expr","locations":[{"start":{"line":131,"column":19},"end":{"line":131,"column":49}},{"start":{"line":131,"column":52},"end":{"line":131,"column":84}}]}},"code":["'use strict';","","Object.defineProperty(exports, '__esModule', {","  value: true","});","","var _slicedToArray = (function () { function sliceIterator(arr, i) { var _arr = []; var _n = true; var _d = false; var _e = undefined; try { for (var _i = arr[Symbol.iterator](), _s; !(_n = (_s = _i.next()).done); _n = true) { _arr.push(_s.value); if (i && _arr.length === i) break; } } catch (err) { _d = true; _e = err; } finally { try { if (!_n && _i['return']) _i['return'](); } finally { if (_d) throw _e; } } return _arr; } return function (arr, i) { if (Array.isArray(arr)) { return arr; } else if (Symbol.iterator in Object(arr)) { return sliceIterator(arr, i); } else { throw new TypeError('Invalid attempt to destructure non-iterable instance'); } }; })();","","function _interopRequireDefault(obj) { return obj && obj.__esModule ? obj : { 'default': obj }; }","","var _chalk = require('chalk');","","var _chalk2 = _interopRequireDefault(_chalk);","","var _child_process = require('child_process');","","var _utils = require('./utils');","","var BUFFER = 4;","","var REGEX = {","  'package': /^([│ ]*)[└├+`][─-]+┬?\\s+(.*)@(.*)$/,","  invalid: /^(.*)\\s+invalid$/,","  unmet: /^.*UNMET DEPENDENCY\\s+(.*)$/,","  version: /^([\\d.]*)(?:\\s+->\\s+(.*))$/","};","","function cmd(flags) {","  var depth = flags.depth;","  var env = flags.env;","  var scope = flags.scope;","","  return ['npm ls', '--depth=' + depth, env ? '--' + env : '', scope === 'global' ? '-g' : ''].join(' ');","}","","function log(level, msg) {","  switch (level) {","    case 2:","      return _chalk2['default'].red(msg);","    case 1:","      return _chalk2['default'].yellow(msg);","    default:","      return _chalk2['default'].cyan(msg);","  }","}","","exports['default'] = {","  run: function run() {","    var flags = arguments.length <= 0 || arguments[0] === undefined ? {} : arguments[0];","","    (0, _child_process.exec)(cmd(flags), function (err, stdout, stderr) {","      if (err) {}","","      var pkgs = [];","      var lines = (0, _utils.clean)(stdout.split('\\n'));","","      // Banner","      var type = flags.env ? flags.env : 'npm';","      var banner = '\\nInstalled ' + type + ' packages: (' + flags.scope + ')\\n';","      console.log(_chalk2['default'].blue(banner));","","      var maxLength = banner.trim().length - BUFFER;","","      lines.forEach(function (line) {","        var logLevel = 0;","        var pkgMatches = line.match(REGEX['package']);","","        if (pkgMatches) {","          var _pkgMatches$slice = pkgMatches.slice(1);","","          var _pkgMatches$slice2 = _slicedToArray(_pkgMatches$slice, 3);","","          var bars = _pkgMatches$slice2[0];","          var _name = _pkgMatches$slice2[1];","          var version = _pkgMatches$slice2[2];","","          var unmetMatches = _name.match(REGEX.unmet);","          var invalidMatches = version.match(REGEX.invalid);","          var versionMatches = version.match(REGEX.version);","","          // Check for invalid dependencies","          if (invalidMatches) {","            logLevel = 2;","            version = invalidMatches[1];","          }","","          // Check for UNMET dependencies","          if (unmetMatches) {","            logLevel = 1;","            _name = unmetMatches[1];","            version = 'UNMET';","          }","","          // Check for linked packages","          if (versionMatches) {","            logLevel = 1;","            version = versionMatches[1];","          }","","          // Format depth and version","          version = '[' + version + ']';","          var spaces = new Array(bars.length + 1).join(' ');","","          // Calculate longest string","          var pkgLength = spaces.length + _name.length + version.length;","          maxLength = Math.max(maxLength, pkgLength);","","          pkgs.push({","            spaces: spaces,","            name: _name,","            version: version,","            pkgLength: pkgLength,","            logLevel: logLevel","          });","        }","      });","","      if (pkgs.length) {","        pkgs.forEach(function (pkg) {","          var spaces = pkg.spaces;","          var name = pkg.name;","          var version = pkg.version;","          var pkgLength = pkg.pkgLength;","          var logLevel = pkg.logLevel;","","          var msg = [","          // Add depth","          spaces,","","          // Top-level or dependency","          spaces ? _chalk2['default'].black(name) : _chalk2['default'].magenta(name),","","          // Dotted spacing","          _chalk2['default'].black(new Array(maxLength - pkgLength + 1 + BUFFER).join('.')),","","          // Version","          log(logLevel, version)].join('');","","          console.log(msg);","        });","      } else {","        var msg = _chalk2['default'].magenta('No packages found.');","        console.log(msg);","      }","    });","  }","};","module.exports = exports['default'];"],"l":{"3":1,"7":1,"9":1,"11":1,"13":1,"15":1,"17":1,"19":1,"21":1,"28":1,"29":1,"30":1,"31":1,"33":1,"36":1,"37":1,"39":0,"41":0,"43":1,"47":1,"49":1,"51":1,"52":1,"54":1,"55":1,"58":1,"59":1,"60":1,"62":1,"64":1,"65":2,"66":2,"68":2,"69":1,"71":1,"73":1,"74":1,"75":1,"77":1,"78":1,"79":1,"82":1,"83":0,"84":0,"88":1,"89":0,"90":0,"91":0,"95":1,"96":0,"97":0,"101":1,"102":1,"105":1,"106":1,"108":1,"118":1,"119":1,"120":1,"121":1,"122":1,"123":1,"124":1,"126":1,"139":1,"142":0,"143":0,"148":1}},"/home/travis/build/npmtest/node-npmtest-npmlist/node_modules/npmlist/build/utils.js":{"path":"/home/travis/build/npmtest/node-npmtest-npmlist/node_modules/npmlist/build/utils.js","s":{"1":1,"2":1,"3":1,"4":1,"5":1,"6":1,"7":1,"8":4,"9":2,"10":2,"11":1,"12":1},"b":{"1":[0,1],"2":[1,1],"3":[2,2]},"f":{"1":1,"2":1},"fnMap":{"1":{"name":"_interopRequireDefault","line":7,"loc":{"start":{"line":7,"column":0},"end":{"line":7,"column":37}}},"2":{"name":"clean","line":14,"loc":{"start":{"line":14,"column":9},"end":{"line":14,"column":29}}}},"statementMap":{"1":{"start":{"line":3,"column":0},"end":{"line":5,"column":3}},"2":{"start":{"line":7,"column":0},"end":{"line":7,"column":97}},"3":{"start":{"line":7,"column":39},"end":{"line":7,"column":95}},"4":{"start":{"line":9,"column":0},"end":{"line":9,"column":30}},"5":{"start":{"line":11,"column":0},"end":{"line":11,"column":45}},"6":{"start":{"line":13,"column":0},"end":{"line":23,"column":2}},"7":{"start":{"line":15,"column":4},"end":{"line":20,"column":5}},"8":{"start":{"line":16,"column":6},"end":{"line":19,"column":7}},"9":{"start":{"line":17,"column":8},"end":{"line":17,"column":25}},"10":{"start":{"line":18,"column":8},"end":{"line":18,"column":12}},"11":{"start":{"line":21,"column":4},"end":{"line":21,"column":15}},"12":{"start":{"line":24,"column":0},"end":{"line":24,"column":36}}},"branchMap":{"1":{"line":7,"type":"cond-expr","locations":[{"start":{"line":7,"column":70},"end":{"line":7,"column":73}},{"start":{"line":7,"column":76},"end":{"line":7,"column":94}}]},"2":{"line":7,"type":"binary-expr","locations":[{"start":{"line":7,"column":46},"end":{"line":7,"column":49}},{"start":{"line":7,"column":53},"end":{"line":7,"column":67}}]},"3":{"line":16,"type":"if","locations":[{"start":{"line":16,"column":6},"end":{"line":16,"column":6}},{"start":{"line":16,"column":6},"end":{"line":16,"column":6}}]}},"code":["'use strict';","","Object.defineProperty(exports, '__esModule', {","  value: true","});","","function _interopRequireDefault(obj) { return obj && obj.__esModule ? obj : { 'default': obj }; }","","var _chalk = require('chalk');","","var _chalk2 = _interopRequireDefault(_chalk);","","exports['default'] = {","  clean: function clean(arr) {","    for (var i = 0; i < arr.length; ++i) {","      if (!arr[i]) {","        arr.splice(i, 1);","        --i;","      }","    }","    return arr;","  }","};","module.exports = exports['default'];"],"l":{"3":1,"7":1,"9":1,"11":1,"13":1,"15":1,"16":4,"17":2,"18":2,"21":1,"24":1}},"/home/travis/build/npmtest/node-npmtest-npmlist/node_modules/npmlist/gulpfile.js":{"path":"/home/travis/build/npmtest/node-npmtest-npmlist/node_modules/npmlist/gulpfile.js","s":{"1":2,"2":0,"3":0,"4":0,"5":0,"6":0,"7":0,"8":0,"9":0,"10":0,"11":0,"12":0,"13":0,"14":0,"15":0,"16":0,"17":0,"18":0,"19":0,"20":0,"21":0,"22":0,"23":0},"b":{},"f":{"1":0,"2":0,"3":0,"4":0,"5":0,"6":0},"fnMap":{"1":{"name":"(anonymous_1)","line":16,"loc":{"start":{"line":16,"column":19},"end":{"line":16,"column":30}}},"2":{"name":"(anonymous_2)","line":22,"loc":{"start":{"line":22,"column":16},"end":{"line":22,"column":27}}},"3":{"name":"(anonymous_3)","line":31,"loc":{"start":{"line":31,"column":36},"end":{"line":31,"column":51}}},"4":{"name":"(anonymous_4)","line":32,"loc":{"start":{"line":32,"column":3},"end":{"line":32,"column":21}}},"5":{"name":"(anonymous_5)","line":34,"loc":{"start":{"line":34,"column":36},"end":{"line":34,"column":47}}},"6":{"name":"(anonymous_6)","line":47,"loc":{"start":{"line":47,"column":30},"end":{"line":47,"column":41}}}},"statementMap":{"1":{"start":{"line":1,"column":0},"end":{"line":1,"column":33}},"2":{"start":{"line":2,"column":0},"end":{"line":2,"column":34}},"3":{"start":{"line":3,"column":0},"end":{"line":3,"column":40}},"4":{"start":{"line":4,"column":0},"end":{"line":4,"column":39}},"5":{"start":{"line":5,"column":0},"end":{"line":5,"column":41}},"6":{"start":{"line":6,"column":0},"end":{"line":6,"column":42}},"7":{"start":{"line":7,"column":0},"end":{"line":7,"column":46}},"8":{"start":{"line":10,"column":0},"end":{"line":10,"column":20}},"9":{"start":{"line":11,"column":0},"end":{"line":11,"column":23}},"10":{"start":{"line":12,"column":0},"end":{"line":12,"column":36}},"11":{"start":{"line":16,"column":0},"end":{"line":18,"column":3}},"12":{"start":{"line":17,"column":2},"end":{"line":17,"column":21}},"13":{"start":{"line":22,"column":0},"end":{"line":27,"column":3}},"14":{"start":{"line":23,"column":2},"end":{"line":26,"column":29}},"15":{"start":{"line":31,"column":0},"end":{"line":43,"column":3}},"16":{"start":{"line":32,"column":2},"end":{"line":42,"column":11}},"17":{"start":{"line":33,"column":4},"end":{"line":33,"column":43}},"18":{"start":{"line":34,"column":4},"end":{"line":41,"column":7}},"19":{"start":{"line":35,"column":6},"end":{"line":40,"column":30}},"20":{"start":{"line":47,"column":0},"end":{"line":49,"column":3}},"21":{"start":{"line":48,"column":2},"end":{"line":48,"column":41}},"22":{"start":{"line":53,"column":0},"end":{"line":53,"column":36}},"23":{"start":{"line":54,"column":0},"end":{"line":54,"column":32}}},"branchMap":{},"code":["var del         = require('del');","var gulp        = require('gulp');","var babel       = require('gulp-babel');","var bump        = require('gulp-bump');","var filter      = require('gulp-filter');","var plumber     = require('gulp-plumber');","var tagVersion  = require('gulp-tag-version');","","// Variables","var input = './lib';","var output = './build';","var pkg = require('./package.json');","","","// Clean","gulp.task('clean', function() {","  del.sync([output]);","});","","","// Javascript","gulp.task('js', function() {","  gulp.src(input + '/**/*.js')","    .pipe(plumber())","    .pipe(babel())","    .pipe(gulp.dest(output));","});","","","// Version bump","['patch', 'minor', 'major'].forEach(function(type) {","  (function(version) {","    var pkgFilter = filter('package.json');","    gulp.task('version:' + version, function() {","      gulp.src(['package.json', 'bower.json'])","        .pipe(bump({type: version}))","        .pipe(pkgFilter)","        .pipe(tagVersion())","        .pipe(pkgFilter.restore())","        .pipe(gulp.dest('.'));","    });","  })(type);","});","","","// Watch","gulp.task('watch', ['build'], function() {","  gulp.watch(input + '/**/*.js', ['js']);","});","","","// Defaults","gulp.task('build', ['clean', 'js']);","gulp.task('default', ['build']);","",""],"l":{"1":2,"2":0,"3":0,"4":0,"5":0,"6":0,"7":0,"10":0,"11":0,"12":0,"16":0,"17":0,"22":0,"23":0,"31":0,"32":0,"33":0,"34":0,"35":0,"47":0,"48":0,"53":0,"54":0}}}